生成启动时间为 2017/3/20 0:28:38。
     1>项目“E:\软件学院\SRTP\历史版本\PedestrianDetection_ver2.0跳帧改进版\PedestrianDetection\PedestrianDetection.vcxproj”在节点 2 上(Build 个目标)。
     1>ClCompile:
         D:\vs2012\VC\bin\CL.exe /c /ZI /nologo /W3 /WX- /Od /Oy- /D WIN32 /D _DEBUG /D _CONSOLE /D _UNICODE /D UNICODE /Gm /EHsc /RTC1 /MDd /GS /fp:precise /Zc:wchar_t /Zc:forScope /Fo"Debug\\" /Fd"Debug\vc110.pdb" /Gd /TP /analyze- /errorReport:prompt Getsample.cpp
         Getsample.cpp
     1>d:\opencv\build\include\opencv2\flann\logger.h(66): warning C4996: 'fopen': This function or variable may be unsafe. Consider using fopen_s instead. To disable deprecation, use _CRT_SECURE_NO_WARNINGS. See online help for details.
                 d:\vs2012\vc\include\stdio.h(218) : 参见“fopen”的声明
     1>e:\软件学院\srtp\历史版本\pedestriandetection_ver2.0跳帧改进版\pedestriandetection\getsample.cpp(41): warning C4244: “参数”: 从“double”转换到“int”，可能丢失数据
     1>e:\软件学院\srtp\历史版本\pedestriandetection_ver2.0跳帧改进版\pedestriandetection\getsample.cpp(269): warning C4996: '_splitpath': This function or variable may be unsafe. Consider using _splitpath_s instead. To disable deprecation, use _CRT_SECURE_NO_WARNINGS. See online help for details.
                 d:\vs2012\vc\include\stdlib.h(824) : 参见“_splitpath”的声明
     1>e:\软件学院\srtp\历史版本\pedestriandetection_ver2.0跳帧改进版\pedestriandetection\getsample.cpp(356): warning C4244: “=”: 从“float”转换到“int”，可能丢失数据
     1>e:\软件学院\srtp\历史版本\pedestriandetection_ver2.0跳帧改进版\pedestriandetection\getsample.cpp(359): warning C4244: “参数”: 从“double”转换到“int”，可能丢失数据
     1>e:\软件学院\srtp\历史版本\pedestriandetection_ver2.0跳帧改进版\pedestriandetection\getsample.cpp(382): warning C4244: “参数”: 从“double”转换到“int”，可能丢失数据
     1>e:\软件学院\srtp\历史版本\pedestriandetection_ver2.0跳帧改进版\pedestriandetection\getsample.cpp(414): warning C4996: 'sprintf': This function or variable may be unsafe. Consider using sprintf_s instead. To disable deprecation, use _CRT_SECURE_NO_WARNINGS. See online help for details.
                 d:\vs2012\vc\include\stdio.h(357) : 参见“sprintf”的声明
     1>e:\软件学院\srtp\历史版本\pedestriandetection_ver2.0跳帧改进版\pedestriandetection\getsample.cpp(435): warning C4996: 'sprintf': This function or variable may be unsafe. Consider using sprintf_s instead. To disable deprecation, use _CRT_SECURE_NO_WARNINGS. See online help for details.
                 d:\vs2012\vc\include\stdio.h(357) : 参见“sprintf”的声明
       Link:
         D:\vs2012\VC\bin\link.exe /ERRORREPORT:PROMPT /OUT:"E:\软件学院\SRTP\历史版本\PedestrianDetection_ver2.0跳帧改进版\Debug\PedestrianDetectionVer2.0.exe" /INCREMENTAL /NOLOGO opencv_core249d.lib opencv_imgproc249d.lib opencv_highgui249d.lib opencv_ml249d.lib opencv_video249d.lib opencv_features2d249d.lib opencv_calib3d249d.lib opencv_objdetect249d.lib opencv_contrib249d.lib opencv_legacy249d.lib opencv_flann249d.lib opencv_gpu249d.lib opencv_ts249d.lib opencv_nonfree249d.lib opencv_ocl249d.lib opencv_photo249d.lib opencv_stitching249d.lib opencv_superres249d.lib opencv_videostab249d.lib GdiPlus.lib HCCore.lib HCNetSDK.LIB PlayCtrl.lib HCAlarm.lib HCGeneralCfgMgr.lib HCPreview.lib kernel32.lib user32.lib gdi32.lib winspool.lib comdlg32.lib advapi32.lib shell32.lib ole32.lib oleaut32.lib uuid.lib odbc32.lib odbccp32.lib /MANIFEST /MANIFESTUAC:"level='asInvoker' uiAccess='false'" /manifest:embed /DEBUG /PDB:"E:\软件学院\SRTP\历史版本\PedestrianDetection_ver2.0跳帧改进版\Debug\PedestrianDetectionVer2.0.pdb" /SUBSYSTEM:CONSOLE /TLBID:1 /DYNAMICBASE /NXCOMPAT /IMPLIB:"E:\软件学院\SRTP\历史版本\PedestrianDetection_ver2.0跳帧改进版\Debug\PedestrianDetectionVer2.0.lib" /MACHINE:X86 Debug\CBrowseDir.obj
         Debug\getFeatureVector.obj
         Debug\Getsample.obj
         Debug\GetWebCamImage.obj
         Debug\ImgCompare_video.obj
         Debug\readPersonImg.obj
         PedestrianDetection.vcxproj -> E:\软件学院\SRTP\历史版本\PedestrianDetection_ver2.0跳帧改进版\Debug\PedestrianDetectionVer2.0.exe
     1>已完成生成项目“E:\软件学院\SRTP\历史版本\PedestrianDetection_ver2.0跳帧改进版\PedestrianDetection\PedestrianDetection.vcxproj”(Build 个目标)的操作。

生成成功。

已用时间 00:00:04.60
