E:\软件学院\SRTP\历史版本\PEDESTRIANDETECTION_VER1.9\PEDESTRIANDETECTION\DEBUG\CBROWSEDIR.OBJ
E:\软件学院\SRTP\历史版本\PEDESTRIANDETECTION_VER1.9\PEDESTRIANDETECTION\DEBUG\GETFEATUREVECTOR.OBJ
E:\软件学院\SRTP\历史版本\PEDESTRIANDETECTION_VER1.9\PEDESTRIANDETECTION\DEBUG\GETSAMPLE.OBJ
E:\软件学院\SRTP\历史版本\PEDESTRIANDETECTION_VER1.9\PEDESTRIANDETECTION\DEBUG\IMGCOMPARE_VIDEO.OBJ
E:\软件学院\SRTP\历史版本\PEDESTRIANDETECTION_VER1.9\PEDESTRIANDETECTION\DEBUG\READPERSONIMG.OBJ
E:\软件学院\SRTP\历史版本\PEDESTRIANDETECTION_VER1.9\PEDESTRIANDETECTION\DEBUG\VC110.PDB
E:\软件学院\SRTP\历史版本\PEDESTRIANDETECTION_VER1.9\PEDESTRIANDETECTION\DEBUG\TEST.OBJ
E:\软件学院\SRTP\历史版本\PEDESTRIANDETECTION_VER1.9\PEDESTRIANDETECTION\DEBUG\GETWEBCAMIMAGE.OBJ
E:\软件学院\SRTP\历史版本\PEDESTRIANDETECTION_VER2.0\PEDESTRIANDETECTION\DEBUG\CBROWSEDIR.OBJ
E:\软件学院\SRTP\历史版本\PEDESTRIANDETECTION_VER2.0\PEDESTRIANDETECTION\DEBUG\GETFEATUREVECTOR.OBJ
E:\软件学院\SRTP\历史版本\PEDESTRIANDETECTION_VER2.0\PEDESTRIANDETECTION\DEBUG\IMGCOMPARE_VIDEO.OBJ
E:\软件学院\SRTP\历史版本\PEDESTRIANDETECTION_VER2.0\PEDESTRIANDETECTION\DEBUG\READPERSONIMG.OBJ
E:\软件学院\SRTP\历史版本\PEDESTRIANDETECTION_VER2.0\PEDESTRIANDETECTION\DEBUG\VC110.PDB
E:\软件学院\SRTP\历史版本\PEDESTRIANDETECTION_VER2.0\PEDESTRIANDETECTION\DEBUG\GETWEBCAMIMAGE.OBJ
E:\软件学院\SRTP\历史版本\PEDESTRIANDETECTION_VER2.0\PEDESTRIANDETECTION\DEBUG\GETSAMPLE.OBJ
E:\软件学院\SRTP\历史版本\PEDESTRIANDETECTION_VER1.9\DEBUG\PEDESTRIANDETECTIONVER1.9.ILK
E:\软件学院\SRTP\历史版本\PEDESTRIANDETECTION_VER1.9\DEBUG\PEDESTRIANDETECTIONVER1.9.EXE
E:\软件学院\SRTP\历史版本\PEDESTRIANDETECTION_VER1.9\DEBUG\PEDESTRIANDETECTIONVER1.9.PDB
E:\软件学院\SRTP\历史版本\PEDESTRIANDETECTION_VER2.0\DEBUG\PEDESTRIANDETECTIONVER2.0.ILK
E:\软件学院\SRTP\历史版本\PEDESTRIANDETECTION_VER2.0\DEBUG\PEDESTRIANDETECTIONVER2.0.EXE
E:\软件学院\SRTP\历史版本\PEDESTRIANDETECTION_VER2.0\DEBUG\PEDESTRIANDETECTIONVER2.0.PDB
E:\软件学院\SRTP\历史版本\PedestrianDetection_ver2.0\PedestrianDetection\Debug\CBrowseDir.obj
E:\软件学院\SRTP\历史版本\PedestrianDetection_ver2.0\PedestrianDetection\Debug\getFeatureVector.obj
E:\软件学院\SRTP\历史版本\PedestrianDetection_ver2.0\PedestrianDetection\Debug\getHistgram.obj
E:\软件学院\SRTP\历史版本\PedestrianDetection_ver2.0\PedestrianDetection\Debug\Getsample.obj
E:\软件学院\SRTP\历史版本\PedestrianDetection_ver2.0\PedestrianDetection\Debug\GetWebCamImage.obj
E:\软件学院\SRTP\历史版本\PedestrianDetection_ver2.0\PedestrianDetection\Debug\ImgCompare_video.obj
E:\软件学院\SRTP\历史版本\PedestrianDetection_ver2.0\PedestrianDetection\Debug\MyPCA.obj
E:\软件学院\SRTP\历史版本\PedestrianDetection_ver2.0\PedestrianDetection\Debug\PCAtest.obj
E:\软件学院\SRTP\历史版本\PedestrianDetection_ver2.0\PedestrianDetection\Debug\PCAtest2.obj
E:\软件学院\SRTP\历史版本\PedestrianDetection_ver2.0\PedestrianDetection\Debug\readPersonImg.obj
E:\软件学院\SRTP\历史版本\PedestrianDetection_ver2.0\PedestrianDetection\Debug\test.obj
E:\软件学院\SRTP\历史版本\PedestrianDetection_ver2.0\PedestrianDetection\Debug\cl.command.1.tlog
E:\软件学院\SRTP\历史版本\PedestrianDetection_ver2.0\PedestrianDetection\Debug\CL.read.1.tlog
E:\软件学院\SRTP\历史版本\PedestrianDetection_ver2.0\PedestrianDetection\Debug\CL.write.1.tlog
E:\软件学院\SRTP\历史版本\PedestrianDetection_ver2.0\PedestrianDetection\Debug\link-cvtres.read.1.tlog
E:\软件学院\SRTP\历史版本\PedestrianDetection_ver2.0\PedestrianDetection\Debug\link-cvtres.write.1.tlog
E:\软件学院\SRTP\历史版本\PedestrianDetection_ver2.0\PedestrianDetection\Debug\link-rc.read.1.tlog
E:\软件学院\SRTP\历史版本\PedestrianDetection_ver2.0\PedestrianDetection\Debug\link-rc.write.1.tlog
E:\软件学院\SRTP\历史版本\PedestrianDetection_ver2.0\PedestrianDetection\Debug\link.11868-cvtres.read.1.tlog
E:\软件学院\SRTP\历史版本\PedestrianDetection_ver2.0\PedestrianDetection\Debug\link.11868-cvtres.write.1.tlog
E:\软件学院\SRTP\历史版本\PedestrianDetection_ver2.0\PedestrianDetection\Debug\link.11868-rc.read.1.tlog
E:\软件学院\SRTP\历史版本\PedestrianDetection_ver2.0\PedestrianDetection\Debug\link.11868-rc.write.1.tlog
E:\软件学院\SRTP\历史版本\PedestrianDetection_ver2.0\PedestrianDetection\Debug\link.11868.read.1.tlog
E:\软件学院\SRTP\历史版本\PedestrianDetection_ver2.0\PedestrianDetection\Debug\link.11868.write.1.tlog
E:\软件学院\SRTP\历史版本\PedestrianDetection_ver2.0\PedestrianDetection\Debug\link.11944-cvtres.read.1.tlog
E:\软件学院\SRTP\历史版本\PedestrianDetection_ver2.0\PedestrianDetection\Debug\link.11944-cvtres.write.1.tlog
E:\软件学院\SRTP\历史版本\PedestrianDetection_ver2.0\PedestrianDetection\Debug\link.11944-rc.read.1.tlog
E:\软件学院\SRTP\历史版本\PedestrianDetection_ver2.0\PedestrianDetection\Debug\link.11944-rc.write.1.tlog
E:\软件学院\SRTP\历史版本\PedestrianDetection_ver2.0\PedestrianDetection\Debug\link.11944.read.1.tlog
E:\软件学院\SRTP\历史版本\PedestrianDetection_ver2.0\PedestrianDetection\Debug\link.11944.write.1.tlog
E:\软件学院\SRTP\历史版本\PedestrianDetection_ver2.0\PedestrianDetection\Debug\link.12172-cvtres.read.1.tlog
E:\软件学院\SRTP\历史版本\PedestrianDetection_ver2.0\PedestrianDetection\Debug\link.12172-cvtres.write.1.tlog
E:\软件学院\SRTP\历史版本\PedestrianDetection_ver2.0\PedestrianDetection\Debug\link.12172-rc.read.1.tlog
E:\软件学院\SRTP\历史版本\PedestrianDetection_ver2.0\PedestrianDetection\Debug\link.12172-rc.write.1.tlog
E:\软件学院\SRTP\历史版本\PedestrianDetection_ver2.0\PedestrianDetection\Debug\link.12172.read.1.tlog
E:\软件学院\SRTP\历史版本\PedestrianDetection_ver2.0\PedestrianDetection\Debug\link.12172.write.1.tlog
E:\软件学院\SRTP\历史版本\PedestrianDetection_ver2.0\PedestrianDetection\Debug\link.12272-cvtres.read.1.tlog
E:\软件学院\SRTP\历史版本\PedestrianDetection_ver2.0\PedestrianDetection\Debug\link.12272-cvtres.write.1.tlog
E:\软件学院\SRTP\历史版本\PedestrianDetection_ver2.0\PedestrianDetection\Debug\link.12272-rc.read.1.tlog
E:\软件学院\SRTP\历史版本\PedestrianDetection_ver2.0\PedestrianDetection\Debug\link.12272-rc.write.1.tlog
E:\软件学院\SRTP\历史版本\PedestrianDetection_ver2.0\PedestrianDetection\Debug\link.12272.read.1.tlog
E:\软件学院\SRTP\历史版本\PedestrianDetection_ver2.0\PedestrianDetection\Debug\link.12272.write.1.tlog
E:\软件学院\SRTP\历史版本\PedestrianDetection_ver2.0\PedestrianDetection\Debug\link.12488-cvtres.read.1.tlog
E:\软件学院\SRTP\历史版本\PedestrianDetection_ver2.0\PedestrianDetection\Debug\link.12488-cvtres.write.1.tlog
E:\软件学院\SRTP\历史版本\PedestrianDetection_ver2.0\PedestrianDetection\Debug\link.12488-rc.read.1.tlog
E:\软件学院\SRTP\历史版本\PedestrianDetection_ver2.0\PedestrianDetection\Debug\link.12488-rc.write.1.tlog
E:\软件学院\SRTP\历史版本\PedestrianDetection_ver2.0\PedestrianDetection\Debug\link.12488.read.1.tlog
E:\软件学院\SRTP\历史版本\PedestrianDetection_ver2.0\PedestrianDetection\Debug\link.12488.write.1.tlog
E:\软件学院\SRTP\历史版本\PedestrianDetection_ver2.0\PedestrianDetection\Debug\link.12500-cvtres.read.1.tlog
E:\软件学院\SRTP\历史版本\PedestrianDetection_ver2.0\PedestrianDetection\Debug\link.12500-cvtres.write.1.tlog
E:\软件学院\SRTP\历史版本\PedestrianDetection_ver2.0\PedestrianDetection\Debug\link.12500-rc.read.1.tlog
E:\软件学院\SRTP\历史版本\PedestrianDetection_ver2.0\PedestrianDetection\Debug\link.12500-rc.write.1.tlog
E:\软件学院\SRTP\历史版本\PedestrianDetection_ver2.0\PedestrianDetection\Debug\link.12500.read.1.tlog
E:\软件学院\SRTP\历史版本\PedestrianDetection_ver2.0\PedestrianDetection\Debug\link.12500.write.1.tlog
E:\软件学院\SRTP\历史版本\PedestrianDetection_ver2.0\PedestrianDetection\Debug\link.12720-cvtres.read.1.tlog
E:\软件学院\SRTP\历史版本\PedestrianDetection_ver2.0\PedestrianDetection\Debug\link.12720-cvtres.write.1.tlog
E:\软件学院\SRTP\历史版本\PedestrianDetection_ver2.0\PedestrianDetection\Debug\link.12720-rc.read.1.tlog
E:\软件学院\SRTP\历史版本\PedestrianDetection_ver2.0\PedestrianDetection\Debug\link.12720-rc.write.1.tlog
E:\软件学院\SRTP\历史版本\PedestrianDetection_ver2.0\PedestrianDetection\Debug\link.12720.read.1.tlog
E:\软件学院\SRTP\历史版本\PedestrianDetection_ver2.0\PedestrianDetection\Debug\link.12720.write.1.tlog
E:\软件学院\SRTP\历史版本\PedestrianDetection_ver2.0\PedestrianDetection\Debug\link.12812-cvtres.read.1.tlog
E:\软件学院\SRTP\历史版本\PedestrianDetection_ver2.0\PedestrianDetection\Debug\link.12812-cvtres.write.1.tlog
E:\软件学院\SRTP\历史版本\PedestrianDetection_ver2.0\PedestrianDetection\Debug\link.12812-rc.read.1.tlog
E:\软件学院\SRTP\历史版本\PedestrianDetection_ver2.0\PedestrianDetection\Debug\link.12812-rc.write.1.tlog
E:\软件学院\SRTP\历史版本\PedestrianDetection_ver2.0\PedestrianDetection\Debug\link.12812.read.1.tlog
E:\软件学院\SRTP\历史版本\PedestrianDetection_ver2.0\PedestrianDetection\Debug\link.12812.write.1.tlog
E:\软件学院\SRTP\历史版本\PedestrianDetection_ver2.0\PedestrianDetection\Debug\link.12828-cvtres.read.1.tlog
E:\软件学院\SRTP\历史版本\PedestrianDetection_ver2.0\PedestrianDetection\Debug\link.12828-cvtres.write.1.tlog
E:\软件学院\SRTP\历史版本\PedestrianDetection_ver2.0\PedestrianDetection\Debug\link.12828-rc.read.1.tlog
E:\软件学院\SRTP\历史版本\PedestrianDetection_ver2.0\PedestrianDetection\Debug\link.12828-rc.write.1.tlog
E:\软件学院\SRTP\历史版本\PedestrianDetection_ver2.0\PedestrianDetection\Debug\link.12828.read.1.tlog
E:\软件学院\SRTP\历史版本\PedestrianDetection_ver2.0\PedestrianDetection\Debug\link.12828.write.1.tlog
E:\软件学院\SRTP\历史版本\PedestrianDetection_ver2.0\PedestrianDetection\Debug\link.12892-cvtres.read.1.tlog
E:\软件学院\SRTP\历史版本\PedestrianDetection_ver2.0\PedestrianDetection\Debug\link.12892-cvtres.write.1.tlog
E:\软件学院\SRTP\历史版本\PedestrianDetection_ver2.0\PedestrianDetection\Debug\link.12892-rc.read.1.tlog
E:\软件学院\SRTP\历史版本\PedestrianDetection_ver2.0\PedestrianDetection\Debug\link.12892-rc.write.1.tlog
E:\软件学院\SRTP\历史版本\PedestrianDetection_ver2.0\PedestrianDetection\Debug\link.12892.read.1.tlog
E:\软件学院\SRTP\历史版本\PedestrianDetection_ver2.0\PedestrianDetection\Debug\link.12892.write.1.tlog
E:\软件学院\SRTP\历史版本\PedestrianDetection_ver2.0\PedestrianDetection\Debug\link.12904-cvtres.read.1.tlog
E:\软件学院\SRTP\历史版本\PedestrianDetection_ver2.0\PedestrianDetection\Debug\link.12904-cvtres.write.1.tlog
E:\软件学院\SRTP\历史版本\PedestrianDetection_ver2.0\PedestrianDetection\Debug\link.12904-rc.read.1.tlog
E:\软件学院\SRTP\历史版本\PedestrianDetection_ver2.0\PedestrianDetection\Debug\link.12904-rc.write.1.tlog
E:\软件学院\SRTP\历史版本\PedestrianDetection_ver2.0\PedestrianDetection\Debug\link.12904.read.1.tlog
E:\软件学院\SRTP\历史版本\PedestrianDetection_ver2.0\PedestrianDetection\Debug\link.12904.write.1.tlog
E:\软件学院\SRTP\历史版本\PedestrianDetection_ver2.0\PedestrianDetection\Debug\link.1436-cvtres.read.1.tlog
E:\软件学院\SRTP\历史版本\PedestrianDetection_ver2.0\PedestrianDetection\Debug\link.1436-cvtres.write.1.tlog
E:\软件学院\SRTP\历史版本\PedestrianDetection_ver2.0\PedestrianDetection\Debug\link.1436-rc.read.1.tlog
E:\软件学院\SRTP\历史版本\PedestrianDetection_ver2.0\PedestrianDetection\Debug\link.1436-rc.write.1.tlog
E:\软件学院\SRTP\历史版本\PedestrianDetection_ver2.0\PedestrianDetection\Debug\link.1436.read.1.tlog
E:\软件学院\SRTP\历史版本\PedestrianDetection_ver2.0\PedestrianDetection\Debug\link.1436.write.1.tlog
E:\软件学院\SRTP\历史版本\PedestrianDetection_ver2.0\PedestrianDetection\Debug\link.15128-cvtres.read.1.tlog
E:\软件学院\SRTP\历史版本\PedestrianDetection_ver2.0\PedestrianDetection\Debug\link.15128-cvtres.write.1.tlog
E:\软件学院\SRTP\历史版本\PedestrianDetection_ver2.0\PedestrianDetection\Debug\link.15128-rc.read.1.tlog
E:\软件学院\SRTP\历史版本\PedestrianDetection_ver2.0\PedestrianDetection\Debug\link.15128-rc.write.1.tlog
E:\软件学院\SRTP\历史版本\PedestrianDetection_ver2.0\PedestrianDetection\Debug\link.15128.read.1.tlog
E:\软件学院\SRTP\历史版本\PedestrianDetection_ver2.0\PedestrianDetection\Debug\link.15128.write.1.tlog
E:\软件学院\SRTP\历史版本\PedestrianDetection_ver2.0\PedestrianDetection\Debug\link.15132-cvtres.read.1.tlog
E:\软件学院\SRTP\历史版本\PedestrianDetection_ver2.0\PedestrianDetection\Debug\link.15132-cvtres.write.1.tlog
E:\软件学院\SRTP\历史版本\PedestrianDetection_ver2.0\PedestrianDetection\Debug\link.15132-rc.read.1.tlog
E:\软件学院\SRTP\历史版本\PedestrianDetection_ver2.0\PedestrianDetection\Debug\link.15132-rc.write.1.tlog
E:\软件学院\SRTP\历史版本\PedestrianDetection_ver2.0\PedestrianDetection\Debug\link.15132.read.1.tlog
E:\软件学院\SRTP\历史版本\PedestrianDetection_ver2.0\PedestrianDetection\Debug\link.15132.write.1.tlog
E:\软件学院\SRTP\历史版本\PedestrianDetection_ver2.0\PedestrianDetection\Debug\link.15320-cvtres.read.1.tlog
E:\软件学院\SRTP\历史版本\PedestrianDetection_ver2.0\PedestrianDetection\Debug\link.15320-cvtres.write.1.tlog
E:\软件学院\SRTP\历史版本\PedestrianDetection_ver2.0\PedestrianDetection\Debug\link.15320-rc.read.1.tlog
E:\软件学院\SRTP\历史版本\PedestrianDetection_ver2.0\PedestrianDetection\Debug\link.15320-rc.write.1.tlog
E:\软件学院\SRTP\历史版本\PedestrianDetection_ver2.0\PedestrianDetection\Debug\link.15320.read.1.tlog
E:\软件学院\SRTP\历史版本\PedestrianDetection_ver2.0\PedestrianDetection\Debug\link.15320.write.1.tlog
E:\软件学院\SRTP\历史版本\PedestrianDetection_ver2.0\PedestrianDetection\Debug\link.15672-cvtres.read.1.tlog
E:\软件学院\SRTP\历史版本\PedestrianDetection_ver2.0\PedestrianDetection\Debug\link.15672-cvtres.write.1.tlog
E:\软件学院\SRTP\历史版本\PedestrianDetection_ver2.0\PedestrianDetection\Debug\link.15672-rc.read.1.tlog
E:\软件学院\SRTP\历史版本\PedestrianDetection_ver2.0\PedestrianDetection\Debug\link.15672-rc.write.1.tlog
E:\软件学院\SRTP\历史版本\PedestrianDetection_ver2.0\PedestrianDetection\Debug\link.15672.read.1.tlog
E:\软件学院\SRTP\历史版本\PedestrianDetection_ver2.0\PedestrianDetection\Debug\link.15672.write.1.tlog
E:\软件学院\SRTP\历史版本\PedestrianDetection_ver2.0\PedestrianDetection\Debug\link.16056-cvtres.read.1.tlog
E:\软件学院\SRTP\历史版本\PedestrianDetection_ver2.0\PedestrianDetection\Debug\link.16056-cvtres.write.1.tlog
E:\软件学院\SRTP\历史版本\PedestrianDetection_ver2.0\PedestrianDetection\Debug\link.16056-rc.read.1.tlog
E:\软件学院\SRTP\历史版本\PedestrianDetection_ver2.0\PedestrianDetection\Debug\link.16056-rc.write.1.tlog
E:\软件学院\SRTP\历史版本\PedestrianDetection_ver2.0\PedestrianDetection\Debug\link.16056.read.1.tlog
E:\软件学院\SRTP\历史版本\PedestrianDetection_ver2.0\PedestrianDetection\Debug\link.16056.write.1.tlog
E:\软件学院\SRTP\历史版本\PedestrianDetection_ver2.0\PedestrianDetection\Debug\link.16068-cvtres.read.1.tlog
E:\软件学院\SRTP\历史版本\PedestrianDetection_ver2.0\PedestrianDetection\Debug\link.16068-cvtres.write.1.tlog
E:\软件学院\SRTP\历史版本\PedestrianDetection_ver2.0\PedestrianDetection\Debug\link.16068-rc.read.1.tlog
E:\软件学院\SRTP\历史版本\PedestrianDetection_ver2.0\PedestrianDetection\Debug\link.16068-rc.write.1.tlog
E:\软件学院\SRTP\历史版本\PedestrianDetection_ver2.0\PedestrianDetection\Debug\link.16068.read.1.tlog
E:\软件学院\SRTP\历史版本\PedestrianDetection_ver2.0\PedestrianDetection\Debug\link.16068.write.1.tlog
E:\软件学院\SRTP\历史版本\PedestrianDetection_ver2.0\PedestrianDetection\Debug\link.16552-cvtres.read.1.tlog
E:\软件学院\SRTP\历史版本\PedestrianDetection_ver2.0\PedestrianDetection\Debug\link.16552-cvtres.write.1.tlog
E:\软件学院\SRTP\历史版本\PedestrianDetection_ver2.0\PedestrianDetection\Debug\link.16552-rc.read.1.tlog
E:\软件学院\SRTP\历史版本\PedestrianDetection_ver2.0\PedestrianDetection\Debug\link.16552-rc.write.1.tlog
E:\软件学院\SRTP\历史版本\PedestrianDetection_ver2.0\PedestrianDetection\Debug\link.16552.read.1.tlog
E:\软件学院\SRTP\历史版本\PedestrianDetection_ver2.0\PedestrianDetection\Debug\link.16552.write.1.tlog
E:\软件学院\SRTP\历史版本\PedestrianDetection_ver2.0\PedestrianDetection\Debug\link.16924-cvtres.read.1.tlog
E:\软件学院\SRTP\历史版本\PedestrianDetection_ver2.0\PedestrianDetection\Debug\link.16924-cvtres.write.1.tlog
E:\软件学院\SRTP\历史版本\PedestrianDetection_ver2.0\PedestrianDetection\Debug\link.16924-rc.read.1.tlog
E:\软件学院\SRTP\历史版本\PedestrianDetection_ver2.0\PedestrianDetection\Debug\link.16924-rc.write.1.tlog
E:\软件学院\SRTP\历史版本\PedestrianDetection_ver2.0\PedestrianDetection\Debug\link.16924.read.1.tlog
E:\软件学院\SRTP\历史版本\PedestrianDetection_ver2.0\PedestrianDetection\Debug\link.16924.write.1.tlog
E:\软件学院\SRTP\历史版本\PedestrianDetection_ver2.0\PedestrianDetection\Debug\link.16932-cvtres.read.1.tlog
E:\软件学院\SRTP\历史版本\PedestrianDetection_ver2.0\PedestrianDetection\Debug\link.16932-cvtres.write.1.tlog
E:\软件学院\SRTP\历史版本\PedestrianDetection_ver2.0\PedestrianDetection\Debug\link.16932-rc.read.1.tlog
E:\软件学院\SRTP\历史版本\PedestrianDetection_ver2.0\PedestrianDetection\Debug\link.16932-rc.write.1.tlog
E:\软件学院\SRTP\历史版本\PedestrianDetection_ver2.0\PedestrianDetection\Debug\link.16932.read.1.tlog
E:\软件学院\SRTP\历史版本\PedestrianDetection_ver2.0\PedestrianDetection\Debug\link.16932.write.1.tlog
E:\软件学院\SRTP\历史版本\PedestrianDetection_ver2.0\PedestrianDetection\Debug\link.16936-cvtres.read.1.tlog
E:\软件学院\SRTP\历史版本\PedestrianDetection_ver2.0\PedestrianDetection\Debug\link.16936-cvtres.write.1.tlog
E:\软件学院\SRTP\历史版本\PedestrianDetection_ver2.0\PedestrianDetection\Debug\link.16936-rc.read.1.tlog
E:\软件学院\SRTP\历史版本\PedestrianDetection_ver2.0\PedestrianDetection\Debug\link.16936-rc.write.1.tlog
E:\软件学院\SRTP\历史版本\PedestrianDetection_ver2.0\PedestrianDetection\Debug\link.16936.read.1.tlog
E:\软件学院\SRTP\历史版本\PedestrianDetection_ver2.0\PedestrianDetection\Debug\link.16936.write.1.tlog
E:\软件学院\SRTP\历史版本\PedestrianDetection_ver2.0\PedestrianDetection\Debug\link.17284-cvtres.read.1.tlog
E:\软件学院\SRTP\历史版本\PedestrianDetection_ver2.0\PedestrianDetection\Debug\link.17284-cvtres.write.1.tlog
E:\软件学院\SRTP\历史版本\PedestrianDetection_ver2.0\PedestrianDetection\Debug\link.17284-rc.read.1.tlog
E:\软件学院\SRTP\历史版本\PedestrianDetection_ver2.0\PedestrianDetection\Debug\link.17284-rc.write.1.tlog
E:\软件学院\SRTP\历史版本\PedestrianDetection_ver2.0\PedestrianDetection\Debug\link.17284.read.1.tlog
E:\软件学院\SRTP\历史版本\PedestrianDetection_ver2.0\PedestrianDetection\Debug\link.17284.write.1.tlog
E:\软件学院\SRTP\历史版本\PedestrianDetection_ver2.0\PedestrianDetection\Debug\link.17676-cvtres.read.1.tlog
E:\软件学院\SRTP\历史版本\PedestrianDetection_ver2.0\PedestrianDetection\Debug\link.17676-cvtres.write.1.tlog
E:\软件学院\SRTP\历史版本\PedestrianDetection_ver2.0\PedestrianDetection\Debug\link.17676-rc.read.1.tlog
E:\软件学院\SRTP\历史版本\PedestrianDetection_ver2.0\PedestrianDetection\Debug\link.17676-rc.write.1.tlog
E:\软件学院\SRTP\历史版本\PedestrianDetection_ver2.0\PedestrianDetection\Debug\link.17676.read.1.tlog
E:\软件学院\SRTP\历史版本\PedestrianDetection_ver2.0\PedestrianDetection\Debug\link.17676.write.1.tlog
E:\软件学院\SRTP\历史版本\PedestrianDetection_ver2.0\PedestrianDetection\Debug\link.17704-cvtres.read.1.tlog
E:\软件学院\SRTP\历史版本\PedestrianDetection_ver2.0\PedestrianDetection\Debug\link.17704-cvtres.write.1.tlog
E:\软件学院\SRTP\历史版本\PedestrianDetection_ver2.0\PedestrianDetection\Debug\link.17704-rc.read.1.tlog
E:\软件学院\SRTP\历史版本\PedestrianDetection_ver2.0\PedestrianDetection\Debug\link.17704-rc.write.1.tlog
E:\软件学院\SRTP\历史版本\PedestrianDetection_ver2.0\PedestrianDetection\Debug\link.17704.read.1.tlog
E:\软件学院\SRTP\历史版本\PedestrianDetection_ver2.0\PedestrianDetection\Debug\link.17704.write.1.tlog
E:\软件学院\SRTP\历史版本\PedestrianDetection_ver2.0\PedestrianDetection\Debug\link.18652-cvtres.read.1.tlog
E:\软件学院\SRTP\历史版本\PedestrianDetection_ver2.0\PedestrianDetection\Debug\link.18652-cvtres.write.1.tlog
E:\软件学院\SRTP\历史版本\PedestrianDetection_ver2.0\PedestrianDetection\Debug\link.18652-rc.read.1.tlog
E:\软件学院\SRTP\历史版本\PedestrianDetection_ver2.0\PedestrianDetection\Debug\link.18652-rc.write.1.tlog
E:\软件学院\SRTP\历史版本\PedestrianDetection_ver2.0\PedestrianDetection\Debug\link.18652.read.1.tlog
E:\软件学院\SRTP\历史版本\PedestrianDetection_ver2.0\PedestrianDetection\Debug\link.18652.write.1.tlog
E:\软件学院\SRTP\历史版本\PedestrianDetection_ver2.0\PedestrianDetection\Debug\link.18924-cvtres.read.1.tlog
E:\软件学院\SRTP\历史版本\PedestrianDetection_ver2.0\PedestrianDetection\Debug\link.18924-cvtres.write.1.tlog
E:\软件学院\SRTP\历史版本\PedestrianDetection_ver2.0\PedestrianDetection\Debug\link.18924-rc.read.1.tlog
E:\软件学院\SRTP\历史版本\PedestrianDetection_ver2.0\PedestrianDetection\Debug\link.18924-rc.write.1.tlog
E:\软件学院\SRTP\历史版本\PedestrianDetection_ver2.0\PedestrianDetection\Debug\link.18924.read.1.tlog
E:\软件学院\SRTP\历史版本\PedestrianDetection_ver2.0\PedestrianDetection\Debug\link.18924.write.1.tlog
E:\软件学院\SRTP\历史版本\PedestrianDetection_ver2.0\PedestrianDetection\Debug\link.19084-cvtres.read.1.tlog
E:\软件学院\SRTP\历史版本\PedestrianDetection_ver2.0\PedestrianDetection\Debug\link.19084-cvtres.write.1.tlog
E:\软件学院\SRTP\历史版本\PedestrianDetection_ver2.0\PedestrianDetection\Debug\link.19084-rc.read.1.tlog
E:\软件学院\SRTP\历史版本\PedestrianDetection_ver2.0\PedestrianDetection\Debug\link.19084-rc.write.1.tlog
E:\软件学院\SRTP\历史版本\PedestrianDetection_ver2.0\PedestrianDetection\Debug\link.19084.read.1.tlog
E:\软件学院\SRTP\历史版本\PedestrianDetection_ver2.0\PedestrianDetection\Debug\link.19084.write.1.tlog
E:\软件学院\SRTP\历史版本\PedestrianDetection_ver2.0\PedestrianDetection\Debug\link.19472-cvtres.read.1.tlog
E:\软件学院\SRTP\历史版本\PedestrianDetection_ver2.0\PedestrianDetection\Debug\link.19472-cvtres.write.1.tlog
E:\软件学院\SRTP\历史版本\PedestrianDetection_ver2.0\PedestrianDetection\Debug\link.19472-rc.read.1.tlog
E:\软件学院\SRTP\历史版本\PedestrianDetection_ver2.0\PedestrianDetection\Debug\link.19472-rc.write.1.tlog
E:\软件学院\SRTP\历史版本\PedestrianDetection_ver2.0\PedestrianDetection\Debug\link.19472.read.1.tlog
E:\软件学院\SRTP\历史版本\PedestrianDetection_ver2.0\PedestrianDetection\Debug\link.19472.write.1.tlog
E:\软件学院\SRTP\历史版本\PedestrianDetection_ver2.0\PedestrianDetection\Debug\link.20952-cvtres.read.1.tlog
E:\软件学院\SRTP\历史版本\PedestrianDetection_ver2.0\PedestrianDetection\Debug\link.20952-cvtres.write.1.tlog
E:\软件学院\SRTP\历史版本\PedestrianDetection_ver2.0\PedestrianDetection\Debug\link.20952-rc.read.1.tlog
E:\软件学院\SRTP\历史版本\PedestrianDetection_ver2.0\PedestrianDetection\Debug\link.20952-rc.write.1.tlog
E:\软件学院\SRTP\历史版本\PedestrianDetection_ver2.0\PedestrianDetection\Debug\link.20952.read.1.tlog
E:\软件学院\SRTP\历史版本\PedestrianDetection_ver2.0\PedestrianDetection\Debug\link.20952.write.1.tlog
E:\软件学院\SRTP\历史版本\PedestrianDetection_ver2.0\PedestrianDetection\Debug\link.21916-cvtres.read.1.tlog
E:\软件学院\SRTP\历史版本\PedestrianDetection_ver2.0\PedestrianDetection\Debug\link.21916-cvtres.write.1.tlog
E:\软件学院\SRTP\历史版本\PedestrianDetection_ver2.0\PedestrianDetection\Debug\link.21916-rc.read.1.tlog
E:\软件学院\SRTP\历史版本\PedestrianDetection_ver2.0\PedestrianDetection\Debug\link.21916-rc.write.1.tlog
E:\软件学院\SRTP\历史版本\PedestrianDetection_ver2.0\PedestrianDetection\Debug\link.21916.read.1.tlog
E:\软件学院\SRTP\历史版本\PedestrianDetection_ver2.0\PedestrianDetection\Debug\link.21916.write.1.tlog
E:\软件学院\SRTP\历史版本\PedestrianDetection_ver2.0\PedestrianDetection\Debug\link.23720-cvtres.read.1.tlog
E:\软件学院\SRTP\历史版本\PedestrianDetection_ver2.0\PedestrianDetection\Debug\link.23720-cvtres.write.1.tlog
E:\软件学院\SRTP\历史版本\PedestrianDetection_ver2.0\PedestrianDetection\Debug\link.23720-rc.read.1.tlog
E:\软件学院\SRTP\历史版本\PedestrianDetection_ver2.0\PedestrianDetection\Debug\link.23720-rc.write.1.tlog
E:\软件学院\SRTP\历史版本\PedestrianDetection_ver2.0\PedestrianDetection\Debug\link.23720.read.1.tlog
E:\软件学院\SRTP\历史版本\PedestrianDetection_ver2.0\PedestrianDetection\Debug\link.23720.write.1.tlog
E:\软件学院\SRTP\历史版本\PedestrianDetection_ver2.0\PedestrianDetection\Debug\link.26352-cvtres.read.1.tlog
E:\软件学院\SRTP\历史版本\PedestrianDetection_ver2.0\PedestrianDetection\Debug\link.26352-cvtres.write.1.tlog
E:\软件学院\SRTP\历史版本\PedestrianDetection_ver2.0\PedestrianDetection\Debug\link.26352-rc.read.1.tlog
E:\软件学院\SRTP\历史版本\PedestrianDetection_ver2.0\PedestrianDetection\Debug\link.26352-rc.write.1.tlog
E:\软件学院\SRTP\历史版本\PedestrianDetection_ver2.0\PedestrianDetection\Debug\link.26352.read.1.tlog
E:\软件学院\SRTP\历史版本\PedestrianDetection_ver2.0\PedestrianDetection\Debug\link.26352.write.1.tlog
E:\软件学院\SRTP\历史版本\PedestrianDetection_ver2.0\PedestrianDetection\Debug\link.26780-cvtres.read.1.tlog
E:\软件学院\SRTP\历史版本\PedestrianDetection_ver2.0\PedestrianDetection\Debug\link.26780-cvtres.write.1.tlog
E:\软件学院\SRTP\历史版本\PedestrianDetection_ver2.0\PedestrianDetection\Debug\link.26780-rc.read.1.tlog
E:\软件学院\SRTP\历史版本\PedestrianDetection_ver2.0\PedestrianDetection\Debug\link.26780-rc.write.1.tlog
E:\软件学院\SRTP\历史版本\PedestrianDetection_ver2.0\PedestrianDetection\Debug\link.26780.read.1.tlog
E:\软件学院\SRTP\历史版本\PedestrianDetection_ver2.0\PedestrianDetection\Debug\link.26780.write.1.tlog
E:\软件学院\SRTP\历史版本\PedestrianDetection_ver2.0\PedestrianDetection\Debug\link.26920-cvtres.read.1.tlog
E:\软件学院\SRTP\历史版本\PedestrianDetection_ver2.0\PedestrianDetection\Debug\link.26920-cvtres.write.1.tlog
E:\软件学院\SRTP\历史版本\PedestrianDetection_ver2.0\PedestrianDetection\Debug\link.26920-rc.read.1.tlog
E:\软件学院\SRTP\历史版本\PedestrianDetection_ver2.0\PedestrianDetection\Debug\link.26920-rc.write.1.tlog
E:\软件学院\SRTP\历史版本\PedestrianDetection_ver2.0\PedestrianDetection\Debug\link.26920.read.1.tlog
E:\软件学院\SRTP\历史版本\PedestrianDetection_ver2.0\PedestrianDetection\Debug\link.26920.write.1.tlog
E:\软件学院\SRTP\历史版本\PedestrianDetection_ver2.0\PedestrianDetection\Debug\link.27264-cvtres.read.1.tlog
E:\软件学院\SRTP\历史版本\PedestrianDetection_ver2.0\PedestrianDetection\Debug\link.27264-cvtres.write.1.tlog
E:\软件学院\SRTP\历史版本\PedestrianDetection_ver2.0\PedestrianDetection\Debug\link.27264-rc.read.1.tlog
E:\软件学院\SRTP\历史版本\PedestrianDetection_ver2.0\PedestrianDetection\Debug\link.27264-rc.write.1.tlog
E:\软件学院\SRTP\历史版本\PedestrianDetection_ver2.0\PedestrianDetection\Debug\link.27264.read.1.tlog
E:\软件学院\SRTP\历史版本\PedestrianDetection_ver2.0\PedestrianDetection\Debug\link.27264.write.1.tlog
E:\软件学院\SRTP\历史版本\PedestrianDetection_ver2.0\PedestrianDetection\Debug\link.27552-cvtres.read.1.tlog
E:\软件学院\SRTP\历史版本\PedestrianDetection_ver2.0\PedestrianDetection\Debug\link.27552-cvtres.write.1.tlog
E:\软件学院\SRTP\历史版本\PedestrianDetection_ver2.0\PedestrianDetection\Debug\link.27552-rc.read.1.tlog
E:\软件学院\SRTP\历史版本\PedestrianDetection_ver2.0\PedestrianDetection\Debug\link.27552-rc.write.1.tlog
E:\软件学院\SRTP\历史版本\PedestrianDetection_ver2.0\PedestrianDetection\Debug\link.27552.read.1.tlog
E:\软件学院\SRTP\历史版本\PedestrianDetection_ver2.0\PedestrianDetection\Debug\link.27552.write.1.tlog
E:\软件学院\SRTP\历史版本\PedestrianDetection_ver2.0\PedestrianDetection\Debug\link.30360-cvtres.read.1.tlog
E:\软件学院\SRTP\历史版本\PedestrianDetection_ver2.0\PedestrianDetection\Debug\link.30360-cvtres.write.1.tlog
E:\软件学院\SRTP\历史版本\PedestrianDetection_ver2.0\PedestrianDetection\Debug\link.30360-rc.read.1.tlog
E:\软件学院\SRTP\历史版本\PedestrianDetection_ver2.0\PedestrianDetection\Debug\link.30360-rc.write.1.tlog
E:\软件学院\SRTP\历史版本\PedestrianDetection_ver2.0\PedestrianDetection\Debug\link.30360.read.1.tlog
E:\软件学院\SRTP\历史版本\PedestrianDetection_ver2.0\PedestrianDetection\Debug\link.30360.write.1.tlog
E:\软件学院\SRTP\历史版本\PedestrianDetection_ver2.0\PedestrianDetection\Debug\link.32416-cvtres.read.1.tlog
E:\软件学院\SRTP\历史版本\PedestrianDetection_ver2.0\PedestrianDetection\Debug\link.32416-cvtres.write.1.tlog
E:\软件学院\SRTP\历史版本\PedestrianDetection_ver2.0\PedestrianDetection\Debug\link.32416-rc.read.1.tlog
E:\软件学院\SRTP\历史版本\PedestrianDetection_ver2.0\PedestrianDetection\Debug\link.32416-rc.write.1.tlog
E:\软件学院\SRTP\历史版本\PedestrianDetection_ver2.0\PedestrianDetection\Debug\link.32416.read.1.tlog
E:\软件学院\SRTP\历史版本\PedestrianDetection_ver2.0\PedestrianDetection\Debug\link.32416.write.1.tlog
E:\软件学院\SRTP\历史版本\PedestrianDetection_ver2.0\PedestrianDetection\Debug\link.33592-cvtres.read.1.tlog
E:\软件学院\SRTP\历史版本\PedestrianDetection_ver2.0\PedestrianDetection\Debug\link.33592-cvtres.write.1.tlog
E:\软件学院\SRTP\历史版本\PedestrianDetection_ver2.0\PedestrianDetection\Debug\link.33592-rc.read.1.tlog
E:\软件学院\SRTP\历史版本\PedestrianDetection_ver2.0\PedestrianDetection\Debug\link.33592-rc.write.1.tlog
E:\软件学院\SRTP\历史版本\PedestrianDetection_ver2.0\PedestrianDetection\Debug\link.33592.read.1.tlog
E:\软件学院\SRTP\历史版本\PedestrianDetection_ver2.0\PedestrianDetection\Debug\link.33592.write.1.tlog
E:\软件学院\SRTP\历史版本\PedestrianDetection_ver2.0\PedestrianDetection\Debug\link.34008-cvtres.read.1.tlog
E:\软件学院\SRTP\历史版本\PedestrianDetection_ver2.0\PedestrianDetection\Debug\link.34008-cvtres.write.1.tlog
E:\软件学院\SRTP\历史版本\PedestrianDetection_ver2.0\PedestrianDetection\Debug\link.34008-rc.read.1.tlog
E:\软件学院\SRTP\历史版本\PedestrianDetection_ver2.0\PedestrianDetection\Debug\link.34008-rc.write.1.tlog
E:\软件学院\SRTP\历史版本\PedestrianDetection_ver2.0\PedestrianDetection\Debug\link.34008.read.1.tlog
E:\软件学院\SRTP\历史版本\PedestrianDetection_ver2.0\PedestrianDetection\Debug\link.34008.write.1.tlog
E:\软件学院\SRTP\历史版本\PedestrianDetection_ver2.0\PedestrianDetection\Debug\link.34092-cvtres.read.1.tlog
E:\软件学院\SRTP\历史版本\PedestrianDetection_ver2.0\PedestrianDetection\Debug\link.34092-cvtres.write.1.tlog
E:\软件学院\SRTP\历史版本\PedestrianDetection_ver2.0\PedestrianDetection\Debug\link.34092-rc.read.1.tlog
E:\软件学院\SRTP\历史版本\PedestrianDetection_ver2.0\PedestrianDetection\Debug\link.34092-rc.write.1.tlog
E:\软件学院\SRTP\历史版本\PedestrianDetection_ver2.0\PedestrianDetection\Debug\link.34092.read.1.tlog
E:\软件学院\SRTP\历史版本\PedestrianDetection_ver2.0\PedestrianDetection\Debug\link.34092.write.1.tlog
E:\软件学院\SRTP\历史版本\PedestrianDetection_ver2.0\PedestrianDetection\Debug\link.34140-cvtres.read.1.tlog
E:\软件学院\SRTP\历史版本\PedestrianDetection_ver2.0\PedestrianDetection\Debug\link.34140-cvtres.write.1.tlog
E:\软件学院\SRTP\历史版本\PedestrianDetection_ver2.0\PedestrianDetection\Debug\link.34140-rc.read.1.tlog
E:\软件学院\SRTP\历史版本\PedestrianDetection_ver2.0\PedestrianDetection\Debug\link.34140-rc.write.1.tlog
E:\软件学院\SRTP\历史版本\PedestrianDetection_ver2.0\PedestrianDetection\Debug\link.34140.read.1.tlog
E:\软件学院\SRTP\历史版本\PedestrianDetection_ver2.0\PedestrianDetection\Debug\link.34140.write.1.tlog
E:\软件学院\SRTP\历史版本\PedestrianDetection_ver2.0\PedestrianDetection\Debug\link.34536-cvtres.read.1.tlog
E:\软件学院\SRTP\历史版本\PedestrianDetection_ver2.0\PedestrianDetection\Debug\link.34536-cvtres.write.1.tlog
E:\软件学院\SRTP\历史版本\PedestrianDetection_ver2.0\PedestrianDetection\Debug\link.34536-rc.read.1.tlog
E:\软件学院\SRTP\历史版本\PedestrianDetection_ver2.0\PedestrianDetection\Debug\link.34536-rc.write.1.tlog
E:\软件学院\SRTP\历史版本\PedestrianDetection_ver2.0\PedestrianDetection\Debug\link.34536.read.1.tlog
E:\软件学院\SRTP\历史版本\PedestrianDetection_ver2.0\PedestrianDetection\Debug\link.34536.write.1.tlog
E:\软件学院\SRTP\历史版本\PedestrianDetection_ver2.0\PedestrianDetection\Debug\link.34588-cvtres.read.1.tlog
E:\软件学院\SRTP\历史版本\PedestrianDetection_ver2.0\PedestrianDetection\Debug\link.34588-cvtres.write.1.tlog
E:\软件学院\SRTP\历史版本\PedestrianDetection_ver2.0\PedestrianDetection\Debug\link.34588-rc.read.1.tlog
E:\软件学院\SRTP\历史版本\PedestrianDetection_ver2.0\PedestrianDetection\Debug\link.34588-rc.write.1.tlog
E:\软件学院\SRTP\历史版本\PedestrianDetection_ver2.0\PedestrianDetection\Debug\link.34588.read.1.tlog
E:\软件学院\SRTP\历史版本\PedestrianDetection_ver2.0\PedestrianDetection\Debug\link.34588.write.1.tlog
E:\软件学院\SRTP\历史版本\PedestrianDetection_ver2.0\PedestrianDetection\Debug\link.34876-cvtres.read.1.tlog
E:\软件学院\SRTP\历史版本\PedestrianDetection_ver2.0\PedestrianDetection\Debug\link.34876-cvtres.write.1.tlog
E:\软件学院\SRTP\历史版本\PedestrianDetection_ver2.0\PedestrianDetection\Debug\link.34876-rc.read.1.tlog
E:\软件学院\SRTP\历史版本\PedestrianDetection_ver2.0\PedestrianDetection\Debug\link.34876-rc.write.1.tlog
E:\软件学院\SRTP\历史版本\PedestrianDetection_ver2.0\PedestrianDetection\Debug\link.34876.read.1.tlog
E:\软件学院\SRTP\历史版本\PedestrianDetection_ver2.0\PedestrianDetection\Debug\link.34876.write.1.tlog
E:\软件学院\SRTP\历史版本\PedestrianDetection_ver2.0\PedestrianDetection\Debug\link.36512-cvtres.read.1.tlog
E:\软件学院\SRTP\历史版本\PedestrianDetection_ver2.0\PedestrianDetection\Debug\link.36512-cvtres.write.1.tlog
E:\软件学院\SRTP\历史版本\PedestrianDetection_ver2.0\PedestrianDetection\Debug\link.36512-rc.read.1.tlog
E:\软件学院\SRTP\历史版本\PedestrianDetection_ver2.0\PedestrianDetection\Debug\link.36512-rc.write.1.tlog
E:\软件学院\SRTP\历史版本\PedestrianDetection_ver2.0\PedestrianDetection\Debug\link.36512.read.1.tlog
E:\软件学院\SRTP\历史版本\PedestrianDetection_ver2.0\PedestrianDetection\Debug\link.36512.write.1.tlog
E:\软件学院\SRTP\历史版本\PedestrianDetection_ver2.0\PedestrianDetection\Debug\link.3672-cvtres.read.1.tlog
E:\软件学院\SRTP\历史版本\PedestrianDetection_ver2.0\PedestrianDetection\Debug\link.3672-cvtres.write.1.tlog
E:\软件学院\SRTP\历史版本\PedestrianDetection_ver2.0\PedestrianDetection\Debug\link.3672-rc.read.1.tlog
E:\软件学院\SRTP\历史版本\PedestrianDetection_ver2.0\PedestrianDetection\Debug\link.3672-rc.write.1.tlog
E:\软件学院\SRTP\历史版本\PedestrianDetection_ver2.0\PedestrianDetection\Debug\link.3672.read.1.tlog
E:\软件学院\SRTP\历史版本\PedestrianDetection_ver2.0\PedestrianDetection\Debug\link.3672.write.1.tlog
E:\软件学院\SRTP\历史版本\PedestrianDetection_ver2.0\PedestrianDetection\Debug\link.37276-cvtres.read.1.tlog
E:\软件学院\SRTP\历史版本\PedestrianDetection_ver2.0\PedestrianDetection\Debug\link.37276-cvtres.write.1.tlog
E:\软件学院\SRTP\历史版本\PedestrianDetection_ver2.0\PedestrianDetection\Debug\link.37276-rc.read.1.tlog
E:\软件学院\SRTP\历史版本\PedestrianDetection_ver2.0\PedestrianDetection\Debug\link.37276-rc.write.1.tlog
E:\软件学院\SRTP\历史版本\PedestrianDetection_ver2.0\PedestrianDetection\Debug\link.37276.read.1.tlog
E:\软件学院\SRTP\历史版本\PedestrianDetection_ver2.0\PedestrianDetection\Debug\link.37276.write.1.tlog
E:\软件学院\SRTP\历史版本\PedestrianDetection_ver2.0\PedestrianDetection\Debug\link.37672-cvtres.read.1.tlog
E:\软件学院\SRTP\历史版本\PedestrianDetection_ver2.0\PedestrianDetection\Debug\link.37672-cvtres.write.1.tlog
E:\软件学院\SRTP\历史版本\PedestrianDetection_ver2.0\PedestrianDetection\Debug\link.37672-rc.read.1.tlog
E:\软件学院\SRTP\历史版本\PedestrianDetection_ver2.0\PedestrianDetection\Debug\link.37672-rc.write.1.tlog
E:\软件学院\SRTP\历史版本\PedestrianDetection_ver2.0\PedestrianDetection\Debug\link.37672.read.1.tlog
E:\软件学院\SRTP\历史版本\PedestrianDetection_ver2.0\PedestrianDetection\Debug\link.37672.write.1.tlog
E:\软件学院\SRTP\历史版本\PedestrianDetection_ver2.0\PedestrianDetection\Debug\link.3772-cvtres.read.1.tlog
E:\软件学院\SRTP\历史版本\PedestrianDetection_ver2.0\PedestrianDetection\Debug\link.3772-cvtres.write.1.tlog
E:\软件学院\SRTP\历史版本\PedestrianDetection_ver2.0\PedestrianDetection\Debug\link.3772-rc.read.1.tlog
E:\软件学院\SRTP\历史版本\PedestrianDetection_ver2.0\PedestrianDetection\Debug\link.3772-rc.write.1.tlog
E:\软件学院\SRTP\历史版本\PedestrianDetection_ver2.0\PedestrianDetection\Debug\link.3772.read.1.tlog
E:\软件学院\SRTP\历史版本\PedestrianDetection_ver2.0\PedestrianDetection\Debug\link.3772.write.1.tlog
E:\软件学院\SRTP\历史版本\PedestrianDetection_ver2.0\PedestrianDetection\Debug\link.4356-cvtres.read.1.tlog
E:\软件学院\SRTP\历史版本\PedestrianDetection_ver2.0\PedestrianDetection\Debug\link.4356-cvtres.write.1.tlog
E:\软件学院\SRTP\历史版本\PedestrianDetection_ver2.0\PedestrianDetection\Debug\link.4356-rc.read.1.tlog
E:\软件学院\SRTP\历史版本\PedestrianDetection_ver2.0\PedestrianDetection\Debug\link.4356-rc.write.1.tlog
E:\软件学院\SRTP\历史版本\PedestrianDetection_ver2.0\PedestrianDetection\Debug\link.4356.read.1.tlog
E:\软件学院\SRTP\历史版本\PedestrianDetection_ver2.0\PedestrianDetection\Debug\link.4356.write.1.tlog
E:\软件学院\SRTP\历史版本\PedestrianDetection_ver2.0\PedestrianDetection\Debug\link.5528-cvtres.read.1.tlog
E:\软件学院\SRTP\历史版本\PedestrianDetection_ver2.0\PedestrianDetection\Debug\link.5528-cvtres.write.1.tlog
E:\软件学院\SRTP\历史版本\PedestrianDetection_ver2.0\PedestrianDetection\Debug\link.5528-rc.read.1.tlog
E:\软件学院\SRTP\历史版本\PedestrianDetection_ver2.0\PedestrianDetection\Debug\link.5528-rc.write.1.tlog
E:\软件学院\SRTP\历史版本\PedestrianDetection_ver2.0\PedestrianDetection\Debug\link.5528.read.1.tlog
E:\软件学院\SRTP\历史版本\PedestrianDetection_ver2.0\PedestrianDetection\Debug\link.5528.write.1.tlog
E:\软件学院\SRTP\历史版本\PedestrianDetection_ver2.0\PedestrianDetection\Debug\link.7040-cvtres.read.1.tlog
E:\软件学院\SRTP\历史版本\PedestrianDetection_ver2.0\PedestrianDetection\Debug\link.7040-cvtres.write.1.tlog
E:\软件学院\SRTP\历史版本\PedestrianDetection_ver2.0\PedestrianDetection\Debug\link.7040-rc.read.1.tlog
E:\软件学院\SRTP\历史版本\PedestrianDetection_ver2.0\PedestrianDetection\Debug\link.7040-rc.write.1.tlog
E:\软件学院\SRTP\历史版本\PedestrianDetection_ver2.0\PedestrianDetection\Debug\link.7040.read.1.tlog
E:\软件学院\SRTP\历史版本\PedestrianDetection_ver2.0\PedestrianDetection\Debug\link.7040.write.1.tlog
E:\软件学院\SRTP\历史版本\PedestrianDetection_ver2.0\PedestrianDetection\Debug\link.7796-cvtres.read.1.tlog
E:\软件学院\SRTP\历史版本\PedestrianDetection_ver2.0\PedestrianDetection\Debug\link.7796-cvtres.write.1.tlog
E:\软件学院\SRTP\历史版本\PedestrianDetection_ver2.0\PedestrianDetection\Debug\link.7796-rc.read.1.tlog
E:\软件学院\SRTP\历史版本\PedestrianDetection_ver2.0\PedestrianDetection\Debug\link.7796-rc.write.1.tlog
E:\软件学院\SRTP\历史版本\PedestrianDetection_ver2.0\PedestrianDetection\Debug\link.7796.read.1.tlog
E:\软件学院\SRTP\历史版本\PedestrianDetection_ver2.0\PedestrianDetection\Debug\link.7796.write.1.tlog
E:\软件学院\SRTP\历史版本\PedestrianDetection_ver2.0\PedestrianDetection\Debug\link.7860-cvtres.read.1.tlog
E:\软件学院\SRTP\历史版本\PedestrianDetection_ver2.0\PedestrianDetection\Debug\link.7860-cvtres.write.1.tlog
E:\软件学院\SRTP\历史版本\PedestrianDetection_ver2.0\PedestrianDetection\Debug\link.7860-rc.read.1.tlog
E:\软件学院\SRTP\历史版本\PedestrianDetection_ver2.0\PedestrianDetection\Debug\link.7860-rc.write.1.tlog
E:\软件学院\SRTP\历史版本\PedestrianDetection_ver2.0\PedestrianDetection\Debug\link.7860.read.1.tlog
E:\软件学院\SRTP\历史版本\PedestrianDetection_ver2.0\PedestrianDetection\Debug\link.7860.write.1.tlog
E:\软件学院\SRTP\历史版本\PedestrianDetection_ver2.0\PedestrianDetection\Debug\link.command.1.tlog
E:\软件学院\SRTP\历史版本\PedestrianDetection_ver2.0\PedestrianDetection\Debug\link.read.1.tlog
E:\软件学院\SRTP\历史版本\PedestrianDetection_ver2.0\PedestrianDetection\Debug\link.write.1.tlog
E:\软件学院\SRTP\历史版本\PedestrianDetection_ver2.0\PedestrianDetection\Debug\vc110.idb
E:\软件学院\SRTP\历史版本\PedestrianDetection_ver2.0\PedestrianDetection\Debug\vc110.pdb
E:\软件学院\SRTP\历史版本\PedestrianDetection_ver2.0\Debug\PedestrianDetectionVer2.0.pdb
E:\软件学院\SRTP\历史版本\PedestrianDetection_ver2.0\Debug\PedestrianDetectionVer2.0.exe
E:\软件学院\SRTP\历史版本\PedestrianDetection_ver2.0\Debug\PedestrianDetectionVer2.0.ilk
