C:\USERS\BILL\DOCUMENTS\VISUAL STUDIO 2012\PROJECTS\PEDESTRIANDETECTION\PEDESTRIANDETECTION\DEBUG\FINDIMGDIFFERENT.OBJ
C:\USERS\BILL\DOCUMENTS\VISUAL STUDIO 2012\PROJECTS\PEDESTRIANDETECTION\PEDESTRIANDETECTION\DEBUG\IMAGECOMPARE_MK2.OBJ
C:\USERS\BILL\DOCUMENTS\VISUAL STUDIO 2012\PROJECTS\PEDESTRIANDETECTION\PEDESTRIANDETECTION\DEBUG\IMGCOMPARE.OBJ
C:\USERS\BILL\DOCUMENTS\VISUAL STUDIO 2012\PROJECTS\PEDESTRIANDETECTION\PEDESTRIANDETECTION\DEBUG\IMGSCAN.OBJ
C:\USERS\BILL\DOCUMENTS\VISUAL STUDIO 2012\PROJECTS\PEDESTRIANDETECTION\PEDESTRIANDETECTION\DEBUG\PD_MK2.OBJ
C:\USERS\BILL\DOCUMENTS\VISUAL STUDIO 2012\PROJECTS\PEDESTRIANDETECTION\PEDESTRIANDETECTION\DEBUG\PD_MK3.OBJ
C:\USERS\BILL\DOCUMENTS\VISUAL STUDIO 2012\PROJECTS\PEDESTRIANDETECTION\PEDESTRIANDETECTION\DEBUG\PEDESTRIANDETECTION.OBJ
C:\USERS\BILL\DOCUMENTS\VISUAL STUDIO 2012\PROJECTS\PEDESTRIANDETECTION\PEDESTRIANDETECTION\DEBUG\VC110.PDB
C:\USERS\BILL\DOCUMENTS\VISUAL STUDIO 2012\PROJECTS\PEDESTRIANDETECTION\PEDESTRIANDETECTION\DEBUG\FINDAREA.OBJ
C:\USERS\BILL\DOCUMENTS\VISUAL STUDIO 2012\PROJECTS\PEDESTRIANDETECTION\PEDESTRIANDETECTION\DEBUG\IMGCOMPARE_VIDEO.OBJ
C:\USERS\BILL\DOCUMENTS\VISUAL STUDIO 2012\PROJECTS\PEDESTRIANDETECTION\PEDESTRIANDETECTION\DEBUG\GRAPFRAME.OBJ
C:\USERS\BILL\DOCUMENTS\VISUAL STUDIO 2012\PROJECTS\PEDESTRIANDETECTION\PEDESTRIANDETECTION\DEBUG\IMGCLIP.OBJ
C:\USERS\BILL\DOCUMENTS\VISUAL STUDIO 2012\PROJECTS\PEDESTRIANDETECTION\PEDESTRIANDETECTION\DEBUG\GETFEATUREVECTOR.OBJ
C:\USERS\BILL\DOCUMENTS\VISUAL STUDIO 2012\PROJECTS\PEDESTRIANDETECTION\PEDESTRIANDETECTION\DEBUG\PCATEST.OBJ
C:\USERS\BILL\DOCUMENTS\VISUAL STUDIO 2012\PROJECTS\PEDESTRIANDETECTION\DEBUG\PEDESTRIANDETECTION.ILK
C:\USERS\BILL\DOCUMENTS\VISUAL STUDIO 2012\PROJECTS\PEDESTRIANDETECTION\DEBUG\PEDESTRIANDETECTION.EXE
C:\USERS\BILL\DOCUMENTS\VISUAL STUDIO 2012\PROJECTS\PEDESTRIANDETECTION\DEBUG\PEDESTRIANDETECTION.PDB
C:\Users\Bill\Documents\Visual Studio 2012\Projects\PedestrianDetection\PedestrianDetection\Debug\FindArea.obj
C:\Users\Bill\Documents\Visual Studio 2012\Projects\PedestrianDetection\PedestrianDetection\Debug\FindImgDifferent.obj
C:\Users\Bill\Documents\Visual Studio 2012\Projects\PedestrianDetection\PedestrianDetection\Debug\getFeatureVector.obj
C:\Users\Bill\Documents\Visual Studio 2012\Projects\PedestrianDetection\PedestrianDetection\Debug\GrapFrame.obj
C:\Users\Bill\Documents\Visual Studio 2012\Projects\PedestrianDetection\PedestrianDetection\Debug\ImageCompare_mk2.obj
C:\Users\Bill\Documents\Visual Studio 2012\Projects\PedestrianDetection\PedestrianDetection\Debug\ImgClip.obj
C:\Users\Bill\Documents\Visual Studio 2012\Projects\PedestrianDetection\PedestrianDetection\Debug\ImgCompare.obj
C:\Users\Bill\Documents\Visual Studio 2012\Projects\PedestrianDetection\PedestrianDetection\Debug\ImgCompare_video.obj
C:\Users\Bill\Documents\Visual Studio 2012\Projects\PedestrianDetection\PedestrianDetection\Debug\ImgScan.obj
C:\Users\Bill\Documents\Visual Studio 2012\Projects\PedestrianDetection\PedestrianDetection\Debug\PCAtest.obj
C:\Users\Bill\Documents\Visual Studio 2012\Projects\PedestrianDetection\PedestrianDetection\Debug\PD_mk2.obj
C:\Users\Bill\Documents\Visual Studio 2012\Projects\PedestrianDetection\PedestrianDetection\Debug\PD_mk3.obj
C:\Users\Bill\Documents\Visual Studio 2012\Projects\PedestrianDetection\PedestrianDetection\Debug\PedestrianDetection.obj
C:\Users\Bill\Documents\Visual Studio 2012\Projects\PedestrianDetection\PedestrianDetection\Debug\cl.command.1.tlog
C:\Users\Bill\Documents\Visual Studio 2012\Projects\PedestrianDetection\PedestrianDetection\Debug\CL.read.1.tlog
C:\Users\Bill\Documents\Visual Studio 2012\Projects\PedestrianDetection\PedestrianDetection\Debug\CL.write.1.tlog
C:\Users\Bill\Documents\Visual Studio 2012\Projects\PedestrianDetection\PedestrianDetection\Debug\link-cvtres.read.1.tlog
C:\Users\Bill\Documents\Visual Studio 2012\Projects\PedestrianDetection\PedestrianDetection\Debug\link-cvtres.write.1.tlog
C:\Users\Bill\Documents\Visual Studio 2012\Projects\PedestrianDetection\PedestrianDetection\Debug\link-rc.read.1.tlog
C:\Users\Bill\Documents\Visual Studio 2012\Projects\PedestrianDetection\PedestrianDetection\Debug\link-rc.write.1.tlog
C:\Users\Bill\Documents\Visual Studio 2012\Projects\PedestrianDetection\PedestrianDetection\Debug\link.11044-cvtres.read.1.tlog
C:\Users\Bill\Documents\Visual Studio 2012\Projects\PedestrianDetection\PedestrianDetection\Debug\link.11044-cvtres.write.1.tlog
C:\Users\Bill\Documents\Visual Studio 2012\Projects\PedestrianDetection\PedestrianDetection\Debug\link.11044-rc.read.1.tlog
C:\Users\Bill\Documents\Visual Studio 2012\Projects\PedestrianDetection\PedestrianDetection\Debug\link.11044-rc.write.1.tlog
C:\Users\Bill\Documents\Visual Studio 2012\Projects\PedestrianDetection\PedestrianDetection\Debug\link.11044.read.1.tlog
C:\Users\Bill\Documents\Visual Studio 2012\Projects\PedestrianDetection\PedestrianDetection\Debug\link.11044.write.1.tlog
C:\Users\Bill\Documents\Visual Studio 2012\Projects\PedestrianDetection\PedestrianDetection\Debug\link.11108-cvtres.read.1.tlog
C:\Users\Bill\Documents\Visual Studio 2012\Projects\PedestrianDetection\PedestrianDetection\Debug\link.11108-cvtres.write.1.tlog
C:\Users\Bill\Documents\Visual Studio 2012\Projects\PedestrianDetection\PedestrianDetection\Debug\link.11108-rc.read.1.tlog
C:\Users\Bill\Documents\Visual Studio 2012\Projects\PedestrianDetection\PedestrianDetection\Debug\link.11108-rc.write.1.tlog
C:\Users\Bill\Documents\Visual Studio 2012\Projects\PedestrianDetection\PedestrianDetection\Debug\link.11108.read.1.tlog
C:\Users\Bill\Documents\Visual Studio 2012\Projects\PedestrianDetection\PedestrianDetection\Debug\link.11108.write.1.tlog
C:\Users\Bill\Documents\Visual Studio 2012\Projects\PedestrianDetection\PedestrianDetection\Debug\link.11164-cvtres.read.1.tlog
C:\Users\Bill\Documents\Visual Studio 2012\Projects\PedestrianDetection\PedestrianDetection\Debug\link.11164-cvtres.write.1.tlog
C:\Users\Bill\Documents\Visual Studio 2012\Projects\PedestrianDetection\PedestrianDetection\Debug\link.11164-rc.read.1.tlog
C:\Users\Bill\Documents\Visual Studio 2012\Projects\PedestrianDetection\PedestrianDetection\Debug\link.11164-rc.write.1.tlog
C:\Users\Bill\Documents\Visual Studio 2012\Projects\PedestrianDetection\PedestrianDetection\Debug\link.11164.read.1.tlog
C:\Users\Bill\Documents\Visual Studio 2012\Projects\PedestrianDetection\PedestrianDetection\Debug\link.11164.write.1.tlog
C:\Users\Bill\Documents\Visual Studio 2012\Projects\PedestrianDetection\PedestrianDetection\Debug\link.11524-cvtres.read.1.tlog
C:\Users\Bill\Documents\Visual Studio 2012\Projects\PedestrianDetection\PedestrianDetection\Debug\link.11524-cvtres.write.1.tlog
C:\Users\Bill\Documents\Visual Studio 2012\Projects\PedestrianDetection\PedestrianDetection\Debug\link.11524-rc.read.1.tlog
C:\Users\Bill\Documents\Visual Studio 2012\Projects\PedestrianDetection\PedestrianDetection\Debug\link.11524-rc.write.1.tlog
C:\Users\Bill\Documents\Visual Studio 2012\Projects\PedestrianDetection\PedestrianDetection\Debug\link.11524.read.1.tlog
C:\Users\Bill\Documents\Visual Studio 2012\Projects\PedestrianDetection\PedestrianDetection\Debug\link.11524.write.1.tlog
C:\Users\Bill\Documents\Visual Studio 2012\Projects\PedestrianDetection\PedestrianDetection\Debug\link.11948-cvtres.read.1.tlog
C:\Users\Bill\Documents\Visual Studio 2012\Projects\PedestrianDetection\PedestrianDetection\Debug\link.11948-cvtres.write.1.tlog
C:\Users\Bill\Documents\Visual Studio 2012\Projects\PedestrianDetection\PedestrianDetection\Debug\link.11948-rc.read.1.tlog
C:\Users\Bill\Documents\Visual Studio 2012\Projects\PedestrianDetection\PedestrianDetection\Debug\link.11948-rc.write.1.tlog
C:\Users\Bill\Documents\Visual Studio 2012\Projects\PedestrianDetection\PedestrianDetection\Debug\link.11948.read.1.tlog
C:\Users\Bill\Documents\Visual Studio 2012\Projects\PedestrianDetection\PedestrianDetection\Debug\link.11948.write.1.tlog
C:\Users\Bill\Documents\Visual Studio 2012\Projects\PedestrianDetection\PedestrianDetection\Debug\link.11968-cvtres.read.1.tlog
C:\Users\Bill\Documents\Visual Studio 2012\Projects\PedestrianDetection\PedestrianDetection\Debug\link.11968-cvtres.write.1.tlog
C:\Users\Bill\Documents\Visual Studio 2012\Projects\PedestrianDetection\PedestrianDetection\Debug\link.11968-rc.read.1.tlog
C:\Users\Bill\Documents\Visual Studio 2012\Projects\PedestrianDetection\PedestrianDetection\Debug\link.11968-rc.write.1.tlog
C:\Users\Bill\Documents\Visual Studio 2012\Projects\PedestrianDetection\PedestrianDetection\Debug\link.11968.read.1.tlog
C:\Users\Bill\Documents\Visual Studio 2012\Projects\PedestrianDetection\PedestrianDetection\Debug\link.11968.write.1.tlog
C:\Users\Bill\Documents\Visual Studio 2012\Projects\PedestrianDetection\PedestrianDetection\Debug\link.12140-cvtres.read.1.tlog
C:\Users\Bill\Documents\Visual Studio 2012\Projects\PedestrianDetection\PedestrianDetection\Debug\link.12140-cvtres.write.1.tlog
C:\Users\Bill\Documents\Visual Studio 2012\Projects\PedestrianDetection\PedestrianDetection\Debug\link.12140-rc.read.1.tlog
C:\Users\Bill\Documents\Visual Studio 2012\Projects\PedestrianDetection\PedestrianDetection\Debug\link.12140-rc.write.1.tlog
C:\Users\Bill\Documents\Visual Studio 2012\Projects\PedestrianDetection\PedestrianDetection\Debug\link.12140.read.1.tlog
C:\Users\Bill\Documents\Visual Studio 2012\Projects\PedestrianDetection\PedestrianDetection\Debug\link.12140.write.1.tlog
C:\Users\Bill\Documents\Visual Studio 2012\Projects\PedestrianDetection\PedestrianDetection\Debug\link.12148-cvtres.read.1.tlog
C:\Users\Bill\Documents\Visual Studio 2012\Projects\PedestrianDetection\PedestrianDetection\Debug\link.12148-cvtres.write.1.tlog
C:\Users\Bill\Documents\Visual Studio 2012\Projects\PedestrianDetection\PedestrianDetection\Debug\link.12148-rc.read.1.tlog
C:\Users\Bill\Documents\Visual Studio 2012\Projects\PedestrianDetection\PedestrianDetection\Debug\link.12148-rc.write.1.tlog
C:\Users\Bill\Documents\Visual Studio 2012\Projects\PedestrianDetection\PedestrianDetection\Debug\link.12148.read.1.tlog
C:\Users\Bill\Documents\Visual Studio 2012\Projects\PedestrianDetection\PedestrianDetection\Debug\link.12148.write.1.tlog
C:\Users\Bill\Documents\Visual Studio 2012\Projects\PedestrianDetection\PedestrianDetection\Debug\link.12260-cvtres.read.1.tlog
C:\Users\Bill\Documents\Visual Studio 2012\Projects\PedestrianDetection\PedestrianDetection\Debug\link.12260-cvtres.write.1.tlog
C:\Users\Bill\Documents\Visual Studio 2012\Projects\PedestrianDetection\PedestrianDetection\Debug\link.12260-rc.read.1.tlog
C:\Users\Bill\Documents\Visual Studio 2012\Projects\PedestrianDetection\PedestrianDetection\Debug\link.12260-rc.write.1.tlog
C:\Users\Bill\Documents\Visual Studio 2012\Projects\PedestrianDetection\PedestrianDetection\Debug\link.12260.read.1.tlog
C:\Users\Bill\Documents\Visual Studio 2012\Projects\PedestrianDetection\PedestrianDetection\Debug\link.12260.write.1.tlog
C:\Users\Bill\Documents\Visual Studio 2012\Projects\PedestrianDetection\PedestrianDetection\Debug\link.12300-cvtres.read.1.tlog
C:\Users\Bill\Documents\Visual Studio 2012\Projects\PedestrianDetection\PedestrianDetection\Debug\link.12300-cvtres.write.1.tlog
C:\Users\Bill\Documents\Visual Studio 2012\Projects\PedestrianDetection\PedestrianDetection\Debug\link.12300-rc.read.1.tlog
C:\Users\Bill\Documents\Visual Studio 2012\Projects\PedestrianDetection\PedestrianDetection\Debug\link.12300-rc.write.1.tlog
C:\Users\Bill\Documents\Visual Studio 2012\Projects\PedestrianDetection\PedestrianDetection\Debug\link.12300.read.1.tlog
C:\Users\Bill\Documents\Visual Studio 2012\Projects\PedestrianDetection\PedestrianDetection\Debug\link.12300.write.1.tlog
C:\Users\Bill\Documents\Visual Studio 2012\Projects\PedestrianDetection\PedestrianDetection\Debug\link.12680-cvtres.read.1.tlog
C:\Users\Bill\Documents\Visual Studio 2012\Projects\PedestrianDetection\PedestrianDetection\Debug\link.12680-cvtres.write.1.tlog
C:\Users\Bill\Documents\Visual Studio 2012\Projects\PedestrianDetection\PedestrianDetection\Debug\link.12680-rc.read.1.tlog
C:\Users\Bill\Documents\Visual Studio 2012\Projects\PedestrianDetection\PedestrianDetection\Debug\link.12680-rc.write.1.tlog
C:\Users\Bill\Documents\Visual Studio 2012\Projects\PedestrianDetection\PedestrianDetection\Debug\link.12680.read.1.tlog
C:\Users\Bill\Documents\Visual Studio 2012\Projects\PedestrianDetection\PedestrianDetection\Debug\link.12680.write.1.tlog
C:\Users\Bill\Documents\Visual Studio 2012\Projects\PedestrianDetection\PedestrianDetection\Debug\link.12780-cvtres.read.1.tlog
C:\Users\Bill\Documents\Visual Studio 2012\Projects\PedestrianDetection\PedestrianDetection\Debug\link.12780-cvtres.write.1.tlog
C:\Users\Bill\Documents\Visual Studio 2012\Projects\PedestrianDetection\PedestrianDetection\Debug\link.12780-rc.read.1.tlog
C:\Users\Bill\Documents\Visual Studio 2012\Projects\PedestrianDetection\PedestrianDetection\Debug\link.12780-rc.write.1.tlog
C:\Users\Bill\Documents\Visual Studio 2012\Projects\PedestrianDetection\PedestrianDetection\Debug\link.12780.read.1.tlog
C:\Users\Bill\Documents\Visual Studio 2012\Projects\PedestrianDetection\PedestrianDetection\Debug\link.12780.write.1.tlog
C:\Users\Bill\Documents\Visual Studio 2012\Projects\PedestrianDetection\PedestrianDetection\Debug\link.12844-cvtres.read.1.tlog
C:\Users\Bill\Documents\Visual Studio 2012\Projects\PedestrianDetection\PedestrianDetection\Debug\link.12844-cvtres.write.1.tlog
C:\Users\Bill\Documents\Visual Studio 2012\Projects\PedestrianDetection\PedestrianDetection\Debug\link.12844-rc.read.1.tlog
C:\Users\Bill\Documents\Visual Studio 2012\Projects\PedestrianDetection\PedestrianDetection\Debug\link.12844-rc.write.1.tlog
C:\Users\Bill\Documents\Visual Studio 2012\Projects\PedestrianDetection\PedestrianDetection\Debug\link.12844.read.1.tlog
C:\Users\Bill\Documents\Visual Studio 2012\Projects\PedestrianDetection\PedestrianDetection\Debug\link.12844.write.1.tlog
C:\Users\Bill\Documents\Visual Studio 2012\Projects\PedestrianDetection\PedestrianDetection\Debug\link.13360-cvtres.read.1.tlog
C:\Users\Bill\Documents\Visual Studio 2012\Projects\PedestrianDetection\PedestrianDetection\Debug\link.13360-cvtres.write.1.tlog
C:\Users\Bill\Documents\Visual Studio 2012\Projects\PedestrianDetection\PedestrianDetection\Debug\link.13360-rc.read.1.tlog
C:\Users\Bill\Documents\Visual Studio 2012\Projects\PedestrianDetection\PedestrianDetection\Debug\link.13360-rc.write.1.tlog
C:\Users\Bill\Documents\Visual Studio 2012\Projects\PedestrianDetection\PedestrianDetection\Debug\link.13360.read.1.tlog
C:\Users\Bill\Documents\Visual Studio 2012\Projects\PedestrianDetection\PedestrianDetection\Debug\link.13360.write.1.tlog
C:\Users\Bill\Documents\Visual Studio 2012\Projects\PedestrianDetection\PedestrianDetection\Debug\link.13404-cvtres.read.1.tlog
C:\Users\Bill\Documents\Visual Studio 2012\Projects\PedestrianDetection\PedestrianDetection\Debug\link.13404-cvtres.write.1.tlog
C:\Users\Bill\Documents\Visual Studio 2012\Projects\PedestrianDetection\PedestrianDetection\Debug\link.13404-rc.read.1.tlog
C:\Users\Bill\Documents\Visual Studio 2012\Projects\PedestrianDetection\PedestrianDetection\Debug\link.13404-rc.write.1.tlog
C:\Users\Bill\Documents\Visual Studio 2012\Projects\PedestrianDetection\PedestrianDetection\Debug\link.13404.read.1.tlog
C:\Users\Bill\Documents\Visual Studio 2012\Projects\PedestrianDetection\PedestrianDetection\Debug\link.13404.write.1.tlog
C:\Users\Bill\Documents\Visual Studio 2012\Projects\PedestrianDetection\PedestrianDetection\Debug\link.13752-cvtres.read.1.tlog
C:\Users\Bill\Documents\Visual Studio 2012\Projects\PedestrianDetection\PedestrianDetection\Debug\link.13752-cvtres.write.1.tlog
C:\Users\Bill\Documents\Visual Studio 2012\Projects\PedestrianDetection\PedestrianDetection\Debug\link.13752-rc.read.1.tlog
C:\Users\Bill\Documents\Visual Studio 2012\Projects\PedestrianDetection\PedestrianDetection\Debug\link.13752-rc.write.1.tlog
C:\Users\Bill\Documents\Visual Studio 2012\Projects\PedestrianDetection\PedestrianDetection\Debug\link.13752.read.1.tlog
C:\Users\Bill\Documents\Visual Studio 2012\Projects\PedestrianDetection\PedestrianDetection\Debug\link.13752.write.1.tlog
C:\Users\Bill\Documents\Visual Studio 2012\Projects\PedestrianDetection\PedestrianDetection\Debug\link.14116-cvtres.read.1.tlog
C:\Users\Bill\Documents\Visual Studio 2012\Projects\PedestrianDetection\PedestrianDetection\Debug\link.14116-cvtres.write.1.tlog
C:\Users\Bill\Documents\Visual Studio 2012\Projects\PedestrianDetection\PedestrianDetection\Debug\link.14116-rc.read.1.tlog
C:\Users\Bill\Documents\Visual Studio 2012\Projects\PedestrianDetection\PedestrianDetection\Debug\link.14116-rc.write.1.tlog
C:\Users\Bill\Documents\Visual Studio 2012\Projects\PedestrianDetection\PedestrianDetection\Debug\link.14116.read.1.tlog
C:\Users\Bill\Documents\Visual Studio 2012\Projects\PedestrianDetection\PedestrianDetection\Debug\link.14116.write.1.tlog
C:\Users\Bill\Documents\Visual Studio 2012\Projects\PedestrianDetection\PedestrianDetection\Debug\link.14528-cvtres.read.1.tlog
C:\Users\Bill\Documents\Visual Studio 2012\Projects\PedestrianDetection\PedestrianDetection\Debug\link.14528-cvtres.write.1.tlog
C:\Users\Bill\Documents\Visual Studio 2012\Projects\PedestrianDetection\PedestrianDetection\Debug\link.14528-rc.read.1.tlog
C:\Users\Bill\Documents\Visual Studio 2012\Projects\PedestrianDetection\PedestrianDetection\Debug\link.14528-rc.write.1.tlog
C:\Users\Bill\Documents\Visual Studio 2012\Projects\PedestrianDetection\PedestrianDetection\Debug\link.14528.read.1.tlog
C:\Users\Bill\Documents\Visual Studio 2012\Projects\PedestrianDetection\PedestrianDetection\Debug\link.14528.write.1.tlog
C:\Users\Bill\Documents\Visual Studio 2012\Projects\PedestrianDetection\PedestrianDetection\Debug\link.15016-cvtres.read.1.tlog
C:\Users\Bill\Documents\Visual Studio 2012\Projects\PedestrianDetection\PedestrianDetection\Debug\link.15016-cvtres.write.1.tlog
C:\Users\Bill\Documents\Visual Studio 2012\Projects\PedestrianDetection\PedestrianDetection\Debug\link.15016-rc.read.1.tlog
C:\Users\Bill\Documents\Visual Studio 2012\Projects\PedestrianDetection\PedestrianDetection\Debug\link.15016-rc.write.1.tlog
C:\Users\Bill\Documents\Visual Studio 2012\Projects\PedestrianDetection\PedestrianDetection\Debug\link.15016.read.1.tlog
C:\Users\Bill\Documents\Visual Studio 2012\Projects\PedestrianDetection\PedestrianDetection\Debug\link.15016.write.1.tlog
C:\Users\Bill\Documents\Visual Studio 2012\Projects\PedestrianDetection\PedestrianDetection\Debug\link.1512-cvtres.read.1.tlog
C:\Users\Bill\Documents\Visual Studio 2012\Projects\PedestrianDetection\PedestrianDetection\Debug\link.1512-cvtres.write.1.tlog
C:\Users\Bill\Documents\Visual Studio 2012\Projects\PedestrianDetection\PedestrianDetection\Debug\link.1512-rc.read.1.tlog
C:\Users\Bill\Documents\Visual Studio 2012\Projects\PedestrianDetection\PedestrianDetection\Debug\link.1512-rc.write.1.tlog
C:\Users\Bill\Documents\Visual Studio 2012\Projects\PedestrianDetection\PedestrianDetection\Debug\link.1512.read.1.tlog
C:\Users\Bill\Documents\Visual Studio 2012\Projects\PedestrianDetection\PedestrianDetection\Debug\link.1512.write.1.tlog
C:\Users\Bill\Documents\Visual Studio 2012\Projects\PedestrianDetection\PedestrianDetection\Debug\link.15672-cvtres.read.1.tlog
C:\Users\Bill\Documents\Visual Studio 2012\Projects\PedestrianDetection\PedestrianDetection\Debug\link.15672-cvtres.write.1.tlog
C:\Users\Bill\Documents\Visual Studio 2012\Projects\PedestrianDetection\PedestrianDetection\Debug\link.15672-rc.read.1.tlog
C:\Users\Bill\Documents\Visual Studio 2012\Projects\PedestrianDetection\PedestrianDetection\Debug\link.15672-rc.write.1.tlog
C:\Users\Bill\Documents\Visual Studio 2012\Projects\PedestrianDetection\PedestrianDetection\Debug\link.15672.read.1.tlog
C:\Users\Bill\Documents\Visual Studio 2012\Projects\PedestrianDetection\PedestrianDetection\Debug\link.15672.write.1.tlog
C:\Users\Bill\Documents\Visual Studio 2012\Projects\PedestrianDetection\PedestrianDetection\Debug\link.16364-cvtres.read.1.tlog
C:\Users\Bill\Documents\Visual Studio 2012\Projects\PedestrianDetection\PedestrianDetection\Debug\link.16364-cvtres.write.1.tlog
C:\Users\Bill\Documents\Visual Studio 2012\Projects\PedestrianDetection\PedestrianDetection\Debug\link.16364-rc.read.1.tlog
C:\Users\Bill\Documents\Visual Studio 2012\Projects\PedestrianDetection\PedestrianDetection\Debug\link.16364-rc.write.1.tlog
C:\Users\Bill\Documents\Visual Studio 2012\Projects\PedestrianDetection\PedestrianDetection\Debug\link.16364.read.1.tlog
C:\Users\Bill\Documents\Visual Studio 2012\Projects\PedestrianDetection\PedestrianDetection\Debug\link.16364.write.1.tlog
C:\Users\Bill\Documents\Visual Studio 2012\Projects\PedestrianDetection\PedestrianDetection\Debug\link.200-cvtres.read.1.tlog
C:\Users\Bill\Documents\Visual Studio 2012\Projects\PedestrianDetection\PedestrianDetection\Debug\link.200-cvtres.write.1.tlog
C:\Users\Bill\Documents\Visual Studio 2012\Projects\PedestrianDetection\PedestrianDetection\Debug\link.200-rc.read.1.tlog
C:\Users\Bill\Documents\Visual Studio 2012\Projects\PedestrianDetection\PedestrianDetection\Debug\link.200-rc.write.1.tlog
C:\Users\Bill\Documents\Visual Studio 2012\Projects\PedestrianDetection\PedestrianDetection\Debug\link.200.read.1.tlog
C:\Users\Bill\Documents\Visual Studio 2012\Projects\PedestrianDetection\PedestrianDetection\Debug\link.200.write.1.tlog
C:\Users\Bill\Documents\Visual Studio 2012\Projects\PedestrianDetection\PedestrianDetection\Debug\link.2204-cvtres.read.1.tlog
C:\Users\Bill\Documents\Visual Studio 2012\Projects\PedestrianDetection\PedestrianDetection\Debug\link.2204-cvtres.write.1.tlog
C:\Users\Bill\Documents\Visual Studio 2012\Projects\PedestrianDetection\PedestrianDetection\Debug\link.2204-rc.read.1.tlog
C:\Users\Bill\Documents\Visual Studio 2012\Projects\PedestrianDetection\PedestrianDetection\Debug\link.2204-rc.write.1.tlog
C:\Users\Bill\Documents\Visual Studio 2012\Projects\PedestrianDetection\PedestrianDetection\Debug\link.2204.read.1.tlog
C:\Users\Bill\Documents\Visual Studio 2012\Projects\PedestrianDetection\PedestrianDetection\Debug\link.2204.write.1.tlog
C:\Users\Bill\Documents\Visual Studio 2012\Projects\PedestrianDetection\PedestrianDetection\Debug\link.2364-cvtres.read.1.tlog
C:\Users\Bill\Documents\Visual Studio 2012\Projects\PedestrianDetection\PedestrianDetection\Debug\link.2364-cvtres.write.1.tlog
C:\Users\Bill\Documents\Visual Studio 2012\Projects\PedestrianDetection\PedestrianDetection\Debug\link.2364-rc.read.1.tlog
C:\Users\Bill\Documents\Visual Studio 2012\Projects\PedestrianDetection\PedestrianDetection\Debug\link.2364-rc.write.1.tlog
C:\Users\Bill\Documents\Visual Studio 2012\Projects\PedestrianDetection\PedestrianDetection\Debug\link.2364.read.1.tlog
C:\Users\Bill\Documents\Visual Studio 2012\Projects\PedestrianDetection\PedestrianDetection\Debug\link.2364.write.1.tlog
C:\Users\Bill\Documents\Visual Studio 2012\Projects\PedestrianDetection\PedestrianDetection\Debug\link.2544-cvtres.read.1.tlog
C:\Users\Bill\Documents\Visual Studio 2012\Projects\PedestrianDetection\PedestrianDetection\Debug\link.2544-cvtres.write.1.tlog
C:\Users\Bill\Documents\Visual Studio 2012\Projects\PedestrianDetection\PedestrianDetection\Debug\link.2544-rc.read.1.tlog
C:\Users\Bill\Documents\Visual Studio 2012\Projects\PedestrianDetection\PedestrianDetection\Debug\link.2544-rc.write.1.tlog
C:\Users\Bill\Documents\Visual Studio 2012\Projects\PedestrianDetection\PedestrianDetection\Debug\link.2544.read.1.tlog
C:\Users\Bill\Documents\Visual Studio 2012\Projects\PedestrianDetection\PedestrianDetection\Debug\link.2544.write.1.tlog
C:\Users\Bill\Documents\Visual Studio 2012\Projects\PedestrianDetection\PedestrianDetection\Debug\link.2560-cvtres.read.1.tlog
C:\Users\Bill\Documents\Visual Studio 2012\Projects\PedestrianDetection\PedestrianDetection\Debug\link.2560-cvtres.write.1.tlog
C:\Users\Bill\Documents\Visual Studio 2012\Projects\PedestrianDetection\PedestrianDetection\Debug\link.2560-rc.read.1.tlog
C:\Users\Bill\Documents\Visual Studio 2012\Projects\PedestrianDetection\PedestrianDetection\Debug\link.2560-rc.write.1.tlog
C:\Users\Bill\Documents\Visual Studio 2012\Projects\PedestrianDetection\PedestrianDetection\Debug\link.2560.read.1.tlog
C:\Users\Bill\Documents\Visual Studio 2012\Projects\PedestrianDetection\PedestrianDetection\Debug\link.2560.write.1.tlog
C:\Users\Bill\Documents\Visual Studio 2012\Projects\PedestrianDetection\PedestrianDetection\Debug\link.2672-cvtres.read.1.tlog
C:\Users\Bill\Documents\Visual Studio 2012\Projects\PedestrianDetection\PedestrianDetection\Debug\link.2672-cvtres.write.1.tlog
C:\Users\Bill\Documents\Visual Studio 2012\Projects\PedestrianDetection\PedestrianDetection\Debug\link.2672-rc.read.1.tlog
C:\Users\Bill\Documents\Visual Studio 2012\Projects\PedestrianDetection\PedestrianDetection\Debug\link.2672-rc.write.1.tlog
C:\Users\Bill\Documents\Visual Studio 2012\Projects\PedestrianDetection\PedestrianDetection\Debug\link.2672.read.1.tlog
C:\Users\Bill\Documents\Visual Studio 2012\Projects\PedestrianDetection\PedestrianDetection\Debug\link.2672.write.1.tlog
C:\Users\Bill\Documents\Visual Studio 2012\Projects\PedestrianDetection\PedestrianDetection\Debug\link.2748-cvtres.read.1.tlog
C:\Users\Bill\Documents\Visual Studio 2012\Projects\PedestrianDetection\PedestrianDetection\Debug\link.2748-cvtres.write.1.tlog
C:\Users\Bill\Documents\Visual Studio 2012\Projects\PedestrianDetection\PedestrianDetection\Debug\link.2748-rc.read.1.tlog
C:\Users\Bill\Documents\Visual Studio 2012\Projects\PedestrianDetection\PedestrianDetection\Debug\link.2748-rc.write.1.tlog
C:\Users\Bill\Documents\Visual Studio 2012\Projects\PedestrianDetection\PedestrianDetection\Debug\link.2748.read.1.tlog
C:\Users\Bill\Documents\Visual Studio 2012\Projects\PedestrianDetection\PedestrianDetection\Debug\link.2748.write.1.tlog
C:\Users\Bill\Documents\Visual Studio 2012\Projects\PedestrianDetection\PedestrianDetection\Debug\link.2772-cvtres.read.1.tlog
C:\Users\Bill\Documents\Visual Studio 2012\Projects\PedestrianDetection\PedestrianDetection\Debug\link.2772-cvtres.write.1.tlog
C:\Users\Bill\Documents\Visual Studio 2012\Projects\PedestrianDetection\PedestrianDetection\Debug\link.2772-rc.read.1.tlog
C:\Users\Bill\Documents\Visual Studio 2012\Projects\PedestrianDetection\PedestrianDetection\Debug\link.2772-rc.write.1.tlog
C:\Users\Bill\Documents\Visual Studio 2012\Projects\PedestrianDetection\PedestrianDetection\Debug\link.2772.read.1.tlog
C:\Users\Bill\Documents\Visual Studio 2012\Projects\PedestrianDetection\PedestrianDetection\Debug\link.2772.write.1.tlog
C:\Users\Bill\Documents\Visual Studio 2012\Projects\PedestrianDetection\PedestrianDetection\Debug\link.3008-cvtres.read.1.tlog
C:\Users\Bill\Documents\Visual Studio 2012\Projects\PedestrianDetection\PedestrianDetection\Debug\link.3008-cvtres.write.1.tlog
C:\Users\Bill\Documents\Visual Studio 2012\Projects\PedestrianDetection\PedestrianDetection\Debug\link.3008-rc.read.1.tlog
C:\Users\Bill\Documents\Visual Studio 2012\Projects\PedestrianDetection\PedestrianDetection\Debug\link.3008-rc.write.1.tlog
C:\Users\Bill\Documents\Visual Studio 2012\Projects\PedestrianDetection\PedestrianDetection\Debug\link.3008.read.1.tlog
C:\Users\Bill\Documents\Visual Studio 2012\Projects\PedestrianDetection\PedestrianDetection\Debug\link.3008.write.1.tlog
C:\Users\Bill\Documents\Visual Studio 2012\Projects\PedestrianDetection\PedestrianDetection\Debug\link.3868-cvtres.read.1.tlog
C:\Users\Bill\Documents\Visual Studio 2012\Projects\PedestrianDetection\PedestrianDetection\Debug\link.3868-cvtres.write.1.tlog
C:\Users\Bill\Documents\Visual Studio 2012\Projects\PedestrianDetection\PedestrianDetection\Debug\link.3868-rc.read.1.tlog
C:\Users\Bill\Documents\Visual Studio 2012\Projects\PedestrianDetection\PedestrianDetection\Debug\link.3868-rc.write.1.tlog
C:\Users\Bill\Documents\Visual Studio 2012\Projects\PedestrianDetection\PedestrianDetection\Debug\link.3868.read.1.tlog
C:\Users\Bill\Documents\Visual Studio 2012\Projects\PedestrianDetection\PedestrianDetection\Debug\link.3868.write.1.tlog
C:\Users\Bill\Documents\Visual Studio 2012\Projects\PedestrianDetection\PedestrianDetection\Debug\link.3960-cvtres.read.1.tlog
C:\Users\Bill\Documents\Visual Studio 2012\Projects\PedestrianDetection\PedestrianDetection\Debug\link.3960-cvtres.write.1.tlog
C:\Users\Bill\Documents\Visual Studio 2012\Projects\PedestrianDetection\PedestrianDetection\Debug\link.3960-rc.read.1.tlog
C:\Users\Bill\Documents\Visual Studio 2012\Projects\PedestrianDetection\PedestrianDetection\Debug\link.3960-rc.write.1.tlog
C:\Users\Bill\Documents\Visual Studio 2012\Projects\PedestrianDetection\PedestrianDetection\Debug\link.3960.read.1.tlog
C:\Users\Bill\Documents\Visual Studio 2012\Projects\PedestrianDetection\PedestrianDetection\Debug\link.3960.write.1.tlog
C:\Users\Bill\Documents\Visual Studio 2012\Projects\PedestrianDetection\PedestrianDetection\Debug\link.4036-cvtres.read.1.tlog
C:\Users\Bill\Documents\Visual Studio 2012\Projects\PedestrianDetection\PedestrianDetection\Debug\link.4036-cvtres.write.1.tlog
C:\Users\Bill\Documents\Visual Studio 2012\Projects\PedestrianDetection\PedestrianDetection\Debug\link.4036-rc.read.1.tlog
C:\Users\Bill\Documents\Visual Studio 2012\Projects\PedestrianDetection\PedestrianDetection\Debug\link.4036-rc.write.1.tlog
C:\Users\Bill\Documents\Visual Studio 2012\Projects\PedestrianDetection\PedestrianDetection\Debug\link.4036.read.1.tlog
C:\Users\Bill\Documents\Visual Studio 2012\Projects\PedestrianDetection\PedestrianDetection\Debug\link.4036.write.1.tlog
C:\Users\Bill\Documents\Visual Studio 2012\Projects\PedestrianDetection\PedestrianDetection\Debug\link.4124-cvtres.read.1.tlog
C:\Users\Bill\Documents\Visual Studio 2012\Projects\PedestrianDetection\PedestrianDetection\Debug\link.4124-cvtres.write.1.tlog
C:\Users\Bill\Documents\Visual Studio 2012\Projects\PedestrianDetection\PedestrianDetection\Debug\link.4124-rc.read.1.tlog
C:\Users\Bill\Documents\Visual Studio 2012\Projects\PedestrianDetection\PedestrianDetection\Debug\link.4124-rc.write.1.tlog
C:\Users\Bill\Documents\Visual Studio 2012\Projects\PedestrianDetection\PedestrianDetection\Debug\link.4124.read.1.tlog
C:\Users\Bill\Documents\Visual Studio 2012\Projects\PedestrianDetection\PedestrianDetection\Debug\link.4124.write.1.tlog
C:\Users\Bill\Documents\Visual Studio 2012\Projects\PedestrianDetection\PedestrianDetection\Debug\link.4896-cvtres.read.1.tlog
C:\Users\Bill\Documents\Visual Studio 2012\Projects\PedestrianDetection\PedestrianDetection\Debug\link.4896-cvtres.write.1.tlog
C:\Users\Bill\Documents\Visual Studio 2012\Projects\PedestrianDetection\PedestrianDetection\Debug\link.4896-rc.read.1.tlog
C:\Users\Bill\Documents\Visual Studio 2012\Projects\PedestrianDetection\PedestrianDetection\Debug\link.4896-rc.write.1.tlog
C:\Users\Bill\Documents\Visual Studio 2012\Projects\PedestrianDetection\PedestrianDetection\Debug\link.4896.read.1.tlog
C:\Users\Bill\Documents\Visual Studio 2012\Projects\PedestrianDetection\PedestrianDetection\Debug\link.4896.write.1.tlog
C:\Users\Bill\Documents\Visual Studio 2012\Projects\PedestrianDetection\PedestrianDetection\Debug\link.4980-cvtres.read.1.tlog
C:\Users\Bill\Documents\Visual Studio 2012\Projects\PedestrianDetection\PedestrianDetection\Debug\link.4980-cvtres.write.1.tlog
C:\Users\Bill\Documents\Visual Studio 2012\Projects\PedestrianDetection\PedestrianDetection\Debug\link.4980-rc.read.1.tlog
C:\Users\Bill\Documents\Visual Studio 2012\Projects\PedestrianDetection\PedestrianDetection\Debug\link.4980-rc.write.1.tlog
C:\Users\Bill\Documents\Visual Studio 2012\Projects\PedestrianDetection\PedestrianDetection\Debug\link.4980.read.1.tlog
C:\Users\Bill\Documents\Visual Studio 2012\Projects\PedestrianDetection\PedestrianDetection\Debug\link.4980.write.1.tlog
C:\Users\Bill\Documents\Visual Studio 2012\Projects\PedestrianDetection\PedestrianDetection\Debug\link.5592-cvtres.read.1.tlog
C:\Users\Bill\Documents\Visual Studio 2012\Projects\PedestrianDetection\PedestrianDetection\Debug\link.5592-cvtres.write.1.tlog
C:\Users\Bill\Documents\Visual Studio 2012\Projects\PedestrianDetection\PedestrianDetection\Debug\link.5592-rc.read.1.tlog
C:\Users\Bill\Documents\Visual Studio 2012\Projects\PedestrianDetection\PedestrianDetection\Debug\link.5592-rc.write.1.tlog
C:\Users\Bill\Documents\Visual Studio 2012\Projects\PedestrianDetection\PedestrianDetection\Debug\link.5592.read.1.tlog
C:\Users\Bill\Documents\Visual Studio 2012\Projects\PedestrianDetection\PedestrianDetection\Debug\link.5592.write.1.tlog
C:\Users\Bill\Documents\Visual Studio 2012\Projects\PedestrianDetection\PedestrianDetection\Debug\link.5828-cvtres.read.1.tlog
C:\Users\Bill\Documents\Visual Studio 2012\Projects\PedestrianDetection\PedestrianDetection\Debug\link.5828-cvtres.write.1.tlog
C:\Users\Bill\Documents\Visual Studio 2012\Projects\PedestrianDetection\PedestrianDetection\Debug\link.5828-rc.read.1.tlog
C:\Users\Bill\Documents\Visual Studio 2012\Projects\PedestrianDetection\PedestrianDetection\Debug\link.5828-rc.write.1.tlog
C:\Users\Bill\Documents\Visual Studio 2012\Projects\PedestrianDetection\PedestrianDetection\Debug\link.5828.read.1.tlog
C:\Users\Bill\Documents\Visual Studio 2012\Projects\PedestrianDetection\PedestrianDetection\Debug\link.5828.write.1.tlog
C:\Users\Bill\Documents\Visual Studio 2012\Projects\PedestrianDetection\PedestrianDetection\Debug\link.6016-cvtres.read.1.tlog
C:\Users\Bill\Documents\Visual Studio 2012\Projects\PedestrianDetection\PedestrianDetection\Debug\link.6016-cvtres.write.1.tlog
C:\Users\Bill\Documents\Visual Studio 2012\Projects\PedestrianDetection\PedestrianDetection\Debug\link.6016-rc.read.1.tlog
C:\Users\Bill\Documents\Visual Studio 2012\Projects\PedestrianDetection\PedestrianDetection\Debug\link.6016-rc.write.1.tlog
C:\Users\Bill\Documents\Visual Studio 2012\Projects\PedestrianDetection\PedestrianDetection\Debug\link.6016.read.1.tlog
C:\Users\Bill\Documents\Visual Studio 2012\Projects\PedestrianDetection\PedestrianDetection\Debug\link.6016.write.1.tlog
C:\Users\Bill\Documents\Visual Studio 2012\Projects\PedestrianDetection\PedestrianDetection\Debug\link.6040-cvtres.read.1.tlog
C:\Users\Bill\Documents\Visual Studio 2012\Projects\PedestrianDetection\PedestrianDetection\Debug\link.6040-cvtres.write.1.tlog
C:\Users\Bill\Documents\Visual Studio 2012\Projects\PedestrianDetection\PedestrianDetection\Debug\link.6040-rc.read.1.tlog
C:\Users\Bill\Documents\Visual Studio 2012\Projects\PedestrianDetection\PedestrianDetection\Debug\link.6040-rc.write.1.tlog
C:\Users\Bill\Documents\Visual Studio 2012\Projects\PedestrianDetection\PedestrianDetection\Debug\link.6040.read.1.tlog
C:\Users\Bill\Documents\Visual Studio 2012\Projects\PedestrianDetection\PedestrianDetection\Debug\link.6040.write.1.tlog
C:\Users\Bill\Documents\Visual Studio 2012\Projects\PedestrianDetection\PedestrianDetection\Debug\link.6196-cvtres.read.1.tlog
C:\Users\Bill\Documents\Visual Studio 2012\Projects\PedestrianDetection\PedestrianDetection\Debug\link.6196-cvtres.write.1.tlog
C:\Users\Bill\Documents\Visual Studio 2012\Projects\PedestrianDetection\PedestrianDetection\Debug\link.6196-rc.read.1.tlog
C:\Users\Bill\Documents\Visual Studio 2012\Projects\PedestrianDetection\PedestrianDetection\Debug\link.6196-rc.write.1.tlog
C:\Users\Bill\Documents\Visual Studio 2012\Projects\PedestrianDetection\PedestrianDetection\Debug\link.6196.read.1.tlog
C:\Users\Bill\Documents\Visual Studio 2012\Projects\PedestrianDetection\PedestrianDetection\Debug\link.6196.write.1.tlog
C:\Users\Bill\Documents\Visual Studio 2012\Projects\PedestrianDetection\PedestrianDetection\Debug\link.6216-cvtres.read.1.tlog
C:\Users\Bill\Documents\Visual Studio 2012\Projects\PedestrianDetection\PedestrianDetection\Debug\link.6216-cvtres.write.1.tlog
C:\Users\Bill\Documents\Visual Studio 2012\Projects\PedestrianDetection\PedestrianDetection\Debug\link.6216-rc.read.1.tlog
C:\Users\Bill\Documents\Visual Studio 2012\Projects\PedestrianDetection\PedestrianDetection\Debug\link.6216-rc.write.1.tlog
C:\Users\Bill\Documents\Visual Studio 2012\Projects\PedestrianDetection\PedestrianDetection\Debug\link.6216.read.1.tlog
C:\Users\Bill\Documents\Visual Studio 2012\Projects\PedestrianDetection\PedestrianDetection\Debug\link.6216.write.1.tlog
C:\Users\Bill\Documents\Visual Studio 2012\Projects\PedestrianDetection\PedestrianDetection\Debug\link.6348-cvtres.read.1.tlog
C:\Users\Bill\Documents\Visual Studio 2012\Projects\PedestrianDetection\PedestrianDetection\Debug\link.6348-cvtres.write.1.tlog
C:\Users\Bill\Documents\Visual Studio 2012\Projects\PedestrianDetection\PedestrianDetection\Debug\link.6348-rc.read.1.tlog
C:\Users\Bill\Documents\Visual Studio 2012\Projects\PedestrianDetection\PedestrianDetection\Debug\link.6348-rc.write.1.tlog
C:\Users\Bill\Documents\Visual Studio 2012\Projects\PedestrianDetection\PedestrianDetection\Debug\link.6348.read.1.tlog
C:\Users\Bill\Documents\Visual Studio 2012\Projects\PedestrianDetection\PedestrianDetection\Debug\link.6348.write.1.tlog
C:\Users\Bill\Documents\Visual Studio 2012\Projects\PedestrianDetection\PedestrianDetection\Debug\link.7088-cvtres.read.1.tlog
C:\Users\Bill\Documents\Visual Studio 2012\Projects\PedestrianDetection\PedestrianDetection\Debug\link.7088-cvtres.write.1.tlog
C:\Users\Bill\Documents\Visual Studio 2012\Projects\PedestrianDetection\PedestrianDetection\Debug\link.7088-rc.read.1.tlog
C:\Users\Bill\Documents\Visual Studio 2012\Projects\PedestrianDetection\PedestrianDetection\Debug\link.7088-rc.write.1.tlog
C:\Users\Bill\Documents\Visual Studio 2012\Projects\PedestrianDetection\PedestrianDetection\Debug\link.7088.read.1.tlog
C:\Users\Bill\Documents\Visual Studio 2012\Projects\PedestrianDetection\PedestrianDetection\Debug\link.7088.write.1.tlog
C:\Users\Bill\Documents\Visual Studio 2012\Projects\PedestrianDetection\PedestrianDetection\Debug\link.7664-cvtres.read.1.tlog
C:\Users\Bill\Documents\Visual Studio 2012\Projects\PedestrianDetection\PedestrianDetection\Debug\link.7664-cvtres.write.1.tlog
C:\Users\Bill\Documents\Visual Studio 2012\Projects\PedestrianDetection\PedestrianDetection\Debug\link.7664-rc.read.1.tlog
C:\Users\Bill\Documents\Visual Studio 2012\Projects\PedestrianDetection\PedestrianDetection\Debug\link.7664-rc.write.1.tlog
C:\Users\Bill\Documents\Visual Studio 2012\Projects\PedestrianDetection\PedestrianDetection\Debug\link.7664.read.1.tlog
C:\Users\Bill\Documents\Visual Studio 2012\Projects\PedestrianDetection\PedestrianDetection\Debug\link.7664.write.1.tlog
C:\Users\Bill\Documents\Visual Studio 2012\Projects\PedestrianDetection\PedestrianDetection\Debug\link.7736-cvtres.read.1.tlog
C:\Users\Bill\Documents\Visual Studio 2012\Projects\PedestrianDetection\PedestrianDetection\Debug\link.7736-cvtres.write.1.tlog
C:\Users\Bill\Documents\Visual Studio 2012\Projects\PedestrianDetection\PedestrianDetection\Debug\link.7736-rc.read.1.tlog
C:\Users\Bill\Documents\Visual Studio 2012\Projects\PedestrianDetection\PedestrianDetection\Debug\link.7736-rc.write.1.tlog
C:\Users\Bill\Documents\Visual Studio 2012\Projects\PedestrianDetection\PedestrianDetection\Debug\link.7736.read.1.tlog
C:\Users\Bill\Documents\Visual Studio 2012\Projects\PedestrianDetection\PedestrianDetection\Debug\link.7736.write.1.tlog
C:\Users\Bill\Documents\Visual Studio 2012\Projects\PedestrianDetection\PedestrianDetection\Debug\link.8340-cvtres.read.1.tlog
C:\Users\Bill\Documents\Visual Studio 2012\Projects\PedestrianDetection\PedestrianDetection\Debug\link.8340-cvtres.write.1.tlog
C:\Users\Bill\Documents\Visual Studio 2012\Projects\PedestrianDetection\PedestrianDetection\Debug\link.8340-rc.read.1.tlog
C:\Users\Bill\Documents\Visual Studio 2012\Projects\PedestrianDetection\PedestrianDetection\Debug\link.8340-rc.write.1.tlog
C:\Users\Bill\Documents\Visual Studio 2012\Projects\PedestrianDetection\PedestrianDetection\Debug\link.8340.read.1.tlog
C:\Users\Bill\Documents\Visual Studio 2012\Projects\PedestrianDetection\PedestrianDetection\Debug\link.8340.write.1.tlog
C:\Users\Bill\Documents\Visual Studio 2012\Projects\PedestrianDetection\PedestrianDetection\Debug\link.8556-cvtres.read.1.tlog
C:\Users\Bill\Documents\Visual Studio 2012\Projects\PedestrianDetection\PedestrianDetection\Debug\link.8556-cvtres.write.1.tlog
C:\Users\Bill\Documents\Visual Studio 2012\Projects\PedestrianDetection\PedestrianDetection\Debug\link.8556-rc.read.1.tlog
C:\Users\Bill\Documents\Visual Studio 2012\Projects\PedestrianDetection\PedestrianDetection\Debug\link.8556-rc.write.1.tlog
C:\Users\Bill\Documents\Visual Studio 2012\Projects\PedestrianDetection\PedestrianDetection\Debug\link.8556.read.1.tlog
C:\Users\Bill\Documents\Visual Studio 2012\Projects\PedestrianDetection\PedestrianDetection\Debug\link.8556.write.1.tlog
C:\Users\Bill\Documents\Visual Studio 2012\Projects\PedestrianDetection\PedestrianDetection\Debug\link.command.1.tlog
C:\Users\Bill\Documents\Visual Studio 2012\Projects\PedestrianDetection\PedestrianDetection\Debug\link.read.1.tlog
C:\Users\Bill\Documents\Visual Studio 2012\Projects\PedestrianDetection\PedestrianDetection\Debug\link.write.1.tlog
C:\Users\Bill\Documents\Visual Studio 2012\Projects\PedestrianDetection\PedestrianDetection\Debug\vc110.idb
C:\Users\Bill\Documents\Visual Studio 2012\Projects\PedestrianDetection\PedestrianDetection\Debug\vc110.pdb
C:\Users\Bill\Documents\Visual Studio 2012\Projects\PedestrianDetection\Debug\PedestrianDetection.pdb
C:\Users\Bill\Documents\Visual Studio 2012\Projects\PedestrianDetection\Debug\PedestrianDetection.exe
C:\Users\Bill\Documents\Visual Studio 2012\Projects\PedestrianDetection\Debug\PedestrianDetection.ilk
